[0.022s] Invoking command in '/home/Git/geicar/jetsonNano/build/geicar_start_jetson': AMENT_PREFIX_PATH=/home/Git/geicar/jetsonNano/install/usb_cam:/home/Git/geicar/jetsonNano/install/rplidar_ros:${AMENT_PREFIX_PATH} CMAKE_PREFIX_PATH=/home/Git/geicar/jetsonNano/install/usb_cam:/home/Git/geicar/jetsonNano/install/rplidar_ros:/opt/ros/humble LD_LIBRARY_PATH=/home/Git/geicar/jetsonNano/install/usb_cam/lib:/home/Git/geicar/jetsonNano/install/rplidar_ros/lib:${LD_LIBRARY_PATH} /usr/bin/cmake /home/Git/geicar/jetsonNano/ros2_ws/src/geicar_start_jetson -DCMAKE_INSTALL_PREFIX=/home/Git/geicar/jetsonNano/install/geicar_start_jetson
[0.135s] -- The C compiler identification is GNU 11.4.0
[0.213s] -- The CXX compiler identification is GNU 11.4.0
[0.225s] -- Detecting C compiler ABI info
[0.337s] -- Detecting C compiler ABI info - done
[0.350s] -- Check for working C compiler: /usr/bin/cc - skipped
[0.351s] -- Detecting C compile features
[0.352s] -- Detecting C compile features - done
[0.357s] -- Detecting CXX compiler ABI info
[0.493s] -- Detecting CXX compiler ABI info - done
[0.508s] -- Check for working CXX compiler: /usr/bin/c++ - skipped
[0.509s] -- Detecting CXX compile features
[0.510s] -- Detecting CXX compile features - done
[0.514s] -- Found ament_cmake: 1.3.10 (/opt/ros/humble/share/ament_cmake/cmake)
[0.759s] -- Found Python3: /usr/bin/python3 (found version "3.10.12") found components: Interpreter 
[0.924s] -- Found ament_lint_auto: 0.12.11 (/opt/ros/humble/share/ament_lint_auto/cmake)
[1.042s] -- Added test 'flake8' to check Python code syntax and style conventions
[1.042s] -- Added test 'lint_cmake' to check CMake code style
[1.043s] -- Added test 'pep257' to check Python code against some of the docstring style conventions in PEP 257
[1.044s] -- Added test 'xmllint' to check XML markup files
[1.046s] -- Configuring done
[1.050s] -- Generating done
[1.051s] -- Build files have been written to: /home/Git/geicar/jetsonNano/build/geicar_start_jetson
[1.062s] Invoked command in '/home/Git/geicar/jetsonNano/build/geicar_start_jetson' returned '0': AMENT_PREFIX_PATH=/home/Git/geicar/jetsonNano/install/usb_cam:/home/Git/geicar/jetsonNano/install/rplidar_ros:${AMENT_PREFIX_PATH} CMAKE_PREFIX_PATH=/home/Git/geicar/jetsonNano/install/usb_cam:/home/Git/geicar/jetsonNano/install/rplidar_ros:/opt/ros/humble LD_LIBRARY_PATH=/home/Git/geicar/jetsonNano/install/usb_cam/lib:/home/Git/geicar/jetsonNano/install/rplidar_ros/lib:${LD_LIBRARY_PATH} /usr/bin/cmake /home/Git/geicar/jetsonNano/ros2_ws/src/geicar_start_jetson -DCMAKE_INSTALL_PREFIX=/home/Git/geicar/jetsonNano/install/geicar_start_jetson
[1.066s] Invoking command in '/home/Git/geicar/jetsonNano/build/geicar_start_jetson': AMENT_PREFIX_PATH=/home/Git/geicar/jetsonNano/install/usb_cam:/home/Git/geicar/jetsonNano/install/rplidar_ros:${AMENT_PREFIX_PATH} CMAKE_PREFIX_PATH=/home/Git/geicar/jetsonNano/install/usb_cam:/home/Git/geicar/jetsonNano/install/rplidar_ros:/opt/ros/humble LD_LIBRARY_PATH=/home/Git/geicar/jetsonNano/install/usb_cam/lib:/home/Git/geicar/jetsonNano/install/rplidar_ros/lib:${LD_LIBRARY_PATH} /usr/bin/cmake --build /home/Git/geicar/jetsonNano/build/geicar_start_jetson -- -j12 -l12
[1.124s] Invoked command in '/home/Git/geicar/jetsonNano/build/geicar_start_jetson' returned '0': AMENT_PREFIX_PATH=/home/Git/geicar/jetsonNano/install/usb_cam:/home/Git/geicar/jetsonNano/install/rplidar_ros:${AMENT_PREFIX_PATH} CMAKE_PREFIX_PATH=/home/Git/geicar/jetsonNano/install/usb_cam:/home/Git/geicar/jetsonNano/install/rplidar_ros:/opt/ros/humble LD_LIBRARY_PATH=/home/Git/geicar/jetsonNano/install/usb_cam/lib:/home/Git/geicar/jetsonNano/install/rplidar_ros/lib:${LD_LIBRARY_PATH} /usr/bin/cmake --build /home/Git/geicar/jetsonNano/build/geicar_start_jetson -- -j12 -l12
[1.158s] Invoking command in '/home/Git/geicar/jetsonNano/build/geicar_start_jetson': AMENT_PREFIX_PATH=/home/Git/geicar/jetsonNano/install/usb_cam:/home/Git/geicar/jetsonNano/install/rplidar_ros:${AMENT_PREFIX_PATH} CMAKE_PREFIX_PATH=/home/Git/geicar/jetsonNano/install/usb_cam:/home/Git/geicar/jetsonNano/install/rplidar_ros:/opt/ros/humble LD_LIBRARY_PATH=/home/Git/geicar/jetsonNano/install/usb_cam/lib:/home/Git/geicar/jetsonNano/install/rplidar_ros/lib:${LD_LIBRARY_PATH} /usr/bin/cmake --install /home/Git/geicar/jetsonNano/build/geicar_start_jetson
[1.169s] -- Install configuration: ""
[1.169s] -- Installing: /home/Git/geicar/jetsonNano/install/geicar_start_jetson/share/geicar_start_jetson/launch
[1.171s] -- Installing: /home/Git/geicar/jetsonNano/install/geicar_start_jetson/share/geicar_start_jetson/launch/geicar.jetson.launch.py
[1.184s] -- Installing: /home/Git/geicar/jetsonNano/install/geicar_start_jetson/share/ament_index/resource_index/package_run_dependencies/geicar_start_jetson
[1.185s] -- Installing: /home/Git/geicar/jetsonNano/install/geicar_start_jetson/share/ament_index/resource_index/parent_prefix_path/geicar_start_jetson
[1.187s] -- Installing: /home/Git/geicar/jetsonNano/install/geicar_start_jetson/share/geicar_start_jetson/environment/ament_prefix_path.sh
[1.188s] -- Installing: /home/Git/geicar/jetsonNano/install/geicar_start_jetson/share/geicar_start_jetson/environment/ament_prefix_path.dsv
[1.188s] -- Installing: /home/Git/geicar/jetsonNano/install/geicar_start_jetson/share/geicar_start_jetson/environment/path.sh
[1.188s] -- Installing: /home/Git/geicar/jetsonNano/install/geicar_start_jetson/share/geicar_start_jetson/environment/path.dsv
[1.189s] -- Installing: /home/Git/geicar/jetsonNano/install/geicar_start_jetson/share/geicar_start_jetson/local_setup.bash
[1.189s] -- Installing: /home/Git/geicar/jetsonNano/install/geicar_start_jetson/share/geicar_start_jetson/local_setup.sh
[1.190s] -- Installing: /home/Git/geicar/jetsonNano/install/geicar_start_jetson/share/geicar_start_jetson/local_setup.zsh
[1.191s] -- Installing: /home/Git/geicar/jetsonNano/install/geicar_start_jetson/share/geicar_start_jetson/local_setup.dsv
[1.191s] -- Installing: /home/Git/geicar/jetsonNano/install/geicar_start_jetson/share/geicar_start_jetson/package.dsv
[1.191s] -- Installing: /home/Git/geicar/jetsonNano/install/geicar_start_jetson/share/ament_index/resource_index/packages/geicar_start_jetson
[1.191s] -- Installing: /home/Git/geicar/jetsonNano/install/geicar_start_jetson/share/geicar_start_jetson/cmake/geicar_start_jetsonConfig.cmake
[1.192s] -- Installing: /home/Git/geicar/jetsonNano/install/geicar_start_jetson/share/geicar_start_jetson/cmake/geicar_start_jetsonConfig-version.cmake
[1.192s] -- Installing: /home/Git/geicar/jetsonNano/install/geicar_start_jetson/share/geicar_start_jetson/package.xml
[1.199s] Invoked command in '/home/Git/geicar/jetsonNano/build/geicar_start_jetson' returned '0': AMENT_PREFIX_PATH=/home/Git/geicar/jetsonNano/install/usb_cam:/home/Git/geicar/jetsonNano/install/rplidar_ros:${AMENT_PREFIX_PATH} CMAKE_PREFIX_PATH=/home/Git/geicar/jetsonNano/install/usb_cam:/home/Git/geicar/jetsonNano/install/rplidar_ros:/opt/ros/humble LD_LIBRARY_PATH=/home/Git/geicar/jetsonNano/install/usb_cam/lib:/home/Git/geicar/jetsonNano/install/rplidar_ros/lib:${LD_LIBRARY_PATH} /usr/bin/cmake --install /home/Git/geicar/jetsonNano/build/geicar_start_jetson
