[0.562s] DEBUG:colcon:Command line arguments: ['/usr/bin/colcon', 'build']
[0.562s] DEBUG:colcon:Parsed command line arguments: Namespace(log_base=None, log_level=None, verb_name='build', build_base='build', install_base='install', merge_install=False, symlink_install=False, test_result_base=None, continue_on_error=False, executor='parallel', parallel_workers=12, event_handlers=None, ignore_user_meta=False, metas=['./colcon.meta'], base_paths=['.'], packages_ignore=None, packages_ignore_regex=None, paths=None, packages_up_to=None, packages_up_to_regex=None, packages_above=None, packages_above_and_dependencies=None, packages_above_depth=None, packages_select_by_dep=None, packages_skip_by_dep=None, packages_skip_up_to=None, packages_select_build_failed=False, packages_skip_build_finished=False, packages_select_test_failures=False, packages_skip_test_passed=False, packages_select=None, packages_skip=None, packages_select_regex=None, packages_skip_regex=None, packages_start=None, packages_end=None, cmake_args=None, cmake_target=None, cmake_target_skip_unavailable=False, cmake_clean_cache=False, cmake_clean_first=False, cmake_force_configure=False, ament_cmake_args=None, catkin_cmake_args=None, catkin_skip_building_tests=False, mixin_files=None, mixin=None, verb_parser=<colcon_mixin.mixin.mixin_argument.MixinArgumentDecorator object at 0x7f3ca5c7bc10>, verb_extension=<colcon_core.verb.build.BuildVerb object at 0x7f3ca5c7b580>, main=<bound method BuildVerb.main of <colcon_core.verb.build.BuildVerb object at 0x7f3ca5c7b580>>, mixin_verb=('build',))
[0.930s] Level 1:colcon.colcon_core.package_discovery:discover_packages(colcon_meta) check parameters
[0.933s] INFO:colcon.colcon_metadata.package_discovery.colcon_meta:Using configuration from '/root/.colcon/metadata/default/Gazebo.meta'
[0.934s] INFO:colcon.colcon_metadata.package_discovery.colcon_meta:Using configuration from '/root/.colcon/metadata/default/fastrtps.meta'
[0.934s] Level 1:colcon.colcon_core.package_discovery:discover_packages(recursive) check parameters
[0.934s] Level 1:colcon.colcon_core.package_discovery:discover_packages(ignore) check parameters
[0.934s] Level 1:colcon.colcon_core.package_discovery:discover_packages(path) check parameters
[0.934s] Level 1:colcon.colcon_core.package_discovery:discover_packages(colcon_meta) discover
[0.934s] Level 1:colcon.colcon_core.package_discovery:discover_packages(recursive) discover
[0.934s] INFO:colcon.colcon_core.package_discovery:Crawling recursively for packages in '/home/Git/geicar/jetsonNano'
[0.934s] Level 1:colcon.colcon_core.package_identification:_identify(.) by extensions ['ignore', 'ignore_ament_install']
[0.934s] Level 1:colcon.colcon_core.package_identification:_identify(.) by extension 'ignore'
[0.934s] Level 1:colcon.colcon_core.package_identification:_identify(.) by extension 'ignore_ament_install'
[0.934s] Level 1:colcon.colcon_core.package_identification:_identify(.) by extensions ['colcon_pkg']
[0.935s] Level 1:colcon.colcon_core.package_identification:_identify(.) by extension 'colcon_pkg'
[0.935s] Level 1:colcon.colcon_core.package_identification:_identify(.) by extensions ['colcon_meta']
[0.935s] Level 1:colcon.colcon_core.package_identification:_identify(.) by extension 'colcon_meta'
[0.935s] Level 1:colcon.colcon_core.package_identification:_identify(.) by extensions ['ros']
[0.935s] Level 1:colcon.colcon_core.package_identification:_identify(.) by extension 'ros'
[0.946s] Level 1:colcon.colcon_core.package_identification:_identify(.) by extensions ['cmake', 'python']
[0.946s] Level 1:colcon.colcon_core.package_identification:_identify(.) by extension 'cmake'
[0.947s] Level 1:colcon.colcon_core.package_identification:_identify(.) by extension 'python'
[0.947s] Level 1:colcon.colcon_core.package_identification:_identify(.) by extensions ['python_setup_py']
[0.947s] Level 1:colcon.colcon_core.package_identification:_identify(.) by extension 'python_setup_py'
[0.947s] Level 1:colcon.colcon_core.package_identification:_identify(build) by extensions ['ignore', 'ignore_ament_install']
[0.947s] Level 1:colcon.colcon_core.package_identification:_identify(build) by extension 'ignore'
[0.947s] Level 1:colcon.colcon_core.package_identification:_identify(build) ignored
[0.947s] Level 1:colcon.colcon_core.package_identification:_identify(install) by extensions ['ignore', 'ignore_ament_install']
[0.947s] Level 1:colcon.colcon_core.package_identification:_identify(install) by extension 'ignore'
[0.947s] Level 1:colcon.colcon_core.package_identification:_identify(install) ignored
[0.948s] Level 1:colcon.colcon_core.package_identification:_identify(log) by extensions ['ignore', 'ignore_ament_install']
[0.948s] Level 1:colcon.colcon_core.package_identification:_identify(log) by extension 'ignore'
[0.948s] Level 1:colcon.colcon_core.package_identification:_identify(log) ignored
[0.948s] Level 1:colcon.colcon_core.package_identification:_identify(ros2_ws) by extensions ['ignore', 'ignore_ament_install']
[0.948s] Level 1:colcon.colcon_core.package_identification:_identify(ros2_ws) by extension 'ignore'
[0.948s] Level 1:colcon.colcon_core.package_identification:_identify(ros2_ws) by extension 'ignore_ament_install'
[0.948s] Level 1:colcon.colcon_core.package_identification:_identify(ros2_ws) by extensions ['colcon_pkg']
[0.948s] Level 1:colcon.colcon_core.package_identification:_identify(ros2_ws) by extension 'colcon_pkg'
[0.948s] Level 1:colcon.colcon_core.package_identification:_identify(ros2_ws) by extensions ['colcon_meta']
[0.948s] Level 1:colcon.colcon_core.package_identification:_identify(ros2_ws) by extension 'colcon_meta'
[0.948s] Level 1:colcon.colcon_core.package_identification:_identify(ros2_ws) by extensions ['ros']
[0.948s] Level 1:colcon.colcon_core.package_identification:_identify(ros2_ws) by extension 'ros'
[0.948s] Level 1:colcon.colcon_core.package_identification:_identify(ros2_ws) by extensions ['cmake', 'python']
[0.948s] Level 1:colcon.colcon_core.package_identification:_identify(ros2_ws) by extension 'cmake'
[0.948s] Level 1:colcon.colcon_core.package_identification:_identify(ros2_ws) by extension 'python'
[0.948s] Level 1:colcon.colcon_core.package_identification:_identify(ros2_ws) by extensions ['python_setup_py']
[0.948s] Level 1:colcon.colcon_core.package_identification:_identify(ros2_ws) by extension 'python_setup_py'
[0.949s] Level 1:colcon.colcon_core.package_identification:_identify(ros2_ws/src) by extensions ['ignore', 'ignore_ament_install']
[0.949s] Level 1:colcon.colcon_core.package_identification:_identify(ros2_ws/src) by extension 'ignore'
[0.949s] Level 1:colcon.colcon_core.package_identification:_identify(ros2_ws/src) by extension 'ignore_ament_install'
[0.949s] Level 1:colcon.colcon_core.package_identification:_identify(ros2_ws/src) by extensions ['colcon_pkg']
[0.949s] Level 1:colcon.colcon_core.package_identification:_identify(ros2_ws/src) by extension 'colcon_pkg'
[0.949s] Level 1:colcon.colcon_core.package_identification:_identify(ros2_ws/src) by extensions ['colcon_meta']
[0.949s] Level 1:colcon.colcon_core.package_identification:_identify(ros2_ws/src) by extension 'colcon_meta'
[0.949s] Level 1:colcon.colcon_core.package_identification:_identify(ros2_ws/src) by extensions ['ros']
[0.949s] Level 1:colcon.colcon_core.package_identification:_identify(ros2_ws/src) by extension 'ros'
[0.949s] Level 1:colcon.colcon_core.package_identification:_identify(ros2_ws/src) by extensions ['cmake', 'python']
[0.949s] Level 1:colcon.colcon_core.package_identification:_identify(ros2_ws/src) by extension 'cmake'
[0.949s] Level 1:colcon.colcon_core.package_identification:_identify(ros2_ws/src) by extension 'python'
[0.949s] Level 1:colcon.colcon_core.package_identification:_identify(ros2_ws/src) by extensions ['python_setup_py']
[0.949s] Level 1:colcon.colcon_core.package_identification:_identify(ros2_ws/src) by extension 'python_setup_py'
[0.949s] Level 1:colcon.colcon_core.package_identification:_identify(ros2_ws/src/geicar_start_jetson) by extensions ['ignore', 'ignore_ament_install']
[0.949s] Level 1:colcon.colcon_core.package_identification:_identify(ros2_ws/src/geicar_start_jetson) by extension 'ignore'
[0.949s] Level 1:colcon.colcon_core.package_identification:_identify(ros2_ws/src/geicar_start_jetson) by extension 'ignore_ament_install'
[0.949s] Level 1:colcon.colcon_core.package_identification:_identify(ros2_ws/src/geicar_start_jetson) by extensions ['colcon_pkg']
[0.950s] Level 1:colcon.colcon_core.package_identification:_identify(ros2_ws/src/geicar_start_jetson) by extension 'colcon_pkg'
[0.950s] Level 1:colcon.colcon_core.package_identification:_identify(ros2_ws/src/geicar_start_jetson) by extensions ['colcon_meta']
[0.950s] Level 1:colcon.colcon_core.package_identification:_identify(ros2_ws/src/geicar_start_jetson) by extension 'colcon_meta'
[0.950s] Level 1:colcon.colcon_core.package_identification:_identify(ros2_ws/src/geicar_start_jetson) by extensions ['ros']
[0.950s] Level 1:colcon.colcon_core.package_identification:_identify(ros2_ws/src/geicar_start_jetson) by extension 'ros'
[0.952s] DEBUG:colcon.colcon_core.package_identification:Package 'ros2_ws/src/geicar_start_jetson' with type 'ros.ament_cmake' and name 'geicar_start_jetson'
[0.953s] Level 1:colcon.colcon_core.package_identification:_identify(ros2_ws/src/interfaces) by extensions ['ignore', 'ignore_ament_install']
[0.953s] Level 1:colcon.colcon_core.package_identification:_identify(ros2_ws/src/interfaces) by extension 'ignore'
[0.953s] Level 1:colcon.colcon_core.package_identification:_identify(ros2_ws/src/interfaces) by extension 'ignore_ament_install'
[0.953s] Level 1:colcon.colcon_core.package_identification:_identify(ros2_ws/src/interfaces) by extensions ['colcon_pkg']
[0.953s] Level 1:colcon.colcon_core.package_identification:_identify(ros2_ws/src/interfaces) by extension 'colcon_pkg'
[0.953s] Level 1:colcon.colcon_core.package_identification:_identify(ros2_ws/src/interfaces) by extensions ['colcon_meta']
[0.953s] Level 1:colcon.colcon_core.package_identification:_identify(ros2_ws/src/interfaces) by extension 'colcon_meta'
[0.953s] Level 1:colcon.colcon_core.package_identification:_identify(ros2_ws/src/interfaces) by extensions ['ros']
[0.953s] Level 1:colcon.colcon_core.package_identification:_identify(ros2_ws/src/interfaces) by extension 'ros'
[0.954s] DEBUG:colcon.colcon_core.package_identification:Package 'ros2_ws/src/interfaces' with type 'ros.ament_cmake' and name 'interfaces'
[0.954s] Level 1:colcon.colcon_core.package_identification:_identify(ros2_ws/src/rplidar_ros2) by extensions ['ignore', 'ignore_ament_install']
[0.954s] Level 1:colcon.colcon_core.package_identification:_identify(ros2_ws/src/rplidar_ros2) by extension 'ignore'
[0.954s] Level 1:colcon.colcon_core.package_identification:_identify(ros2_ws/src/rplidar_ros2) by extension 'ignore_ament_install'
[0.954s] Level 1:colcon.colcon_core.package_identification:_identify(ros2_ws/src/rplidar_ros2) by extensions ['colcon_pkg']
[0.954s] Level 1:colcon.colcon_core.package_identification:_identify(ros2_ws/src/rplidar_ros2) by extension 'colcon_pkg'
[0.954s] Level 1:colcon.colcon_core.package_identification:_identify(ros2_ws/src/rplidar_ros2) by extensions ['colcon_meta']
[0.954s] Level 1:colcon.colcon_core.package_identification:_identify(ros2_ws/src/rplidar_ros2) by extension 'colcon_meta'
[0.954s] Level 1:colcon.colcon_core.package_identification:_identify(ros2_ws/src/rplidar_ros2) by extensions ['ros']
[0.954s] Level 1:colcon.colcon_core.package_identification:_identify(ros2_ws/src/rplidar_ros2) by extension 'ros'
[0.955s] DEBUG:colcon.colcon_core.package_identification:Package 'ros2_ws/src/rplidar_ros2' with type 'ros.ament_cmake' and name 'rplidar_ros'
[0.955s] Level 1:colcon.colcon_core.package_identification:_identify(ros2_ws/src/system_check_ack) by extensions ['ignore', 'ignore_ament_install']
[0.955s] Level 1:colcon.colcon_core.package_identification:_identify(ros2_ws/src/system_check_ack) by extension 'ignore'
[0.955s] Level 1:colcon.colcon_core.package_identification:_identify(ros2_ws/src/system_check_ack) by extension 'ignore_ament_install'
[0.955s] Level 1:colcon.colcon_core.package_identification:_identify(ros2_ws/src/system_check_ack) by extensions ['colcon_pkg']
[0.955s] Level 1:colcon.colcon_core.package_identification:_identify(ros2_ws/src/system_check_ack) by extension 'colcon_pkg'
[0.955s] Level 1:colcon.colcon_core.package_identification:_identify(ros2_ws/src/system_check_ack) by extensions ['colcon_meta']
[0.955s] Level 1:colcon.colcon_core.package_identification:_identify(ros2_ws/src/system_check_ack) by extension 'colcon_meta'
[0.955s] Level 1:colcon.colcon_core.package_identification:_identify(ros2_ws/src/system_check_ack) by extensions ['ros']
[0.955s] Level 1:colcon.colcon_core.package_identification:_identify(ros2_ws/src/system_check_ack) by extension 'ros'
[0.956s] DEBUG:colcon.colcon_core.package_identification:Package 'ros2_ws/src/system_check_ack' with type 'ros.ament_cmake' and name 'system_check_ack'
[0.956s] Level 1:colcon.colcon_core.package_identification:_identify(ros2_ws/src/usb_cam) by extensions ['ignore', 'ignore_ament_install']
[0.956s] Level 1:colcon.colcon_core.package_identification:_identify(ros2_ws/src/usb_cam) by extension 'ignore'
[0.956s] Level 1:colcon.colcon_core.package_identification:_identify(ros2_ws/src/usb_cam) by extension 'ignore_ament_install'
[0.956s] Level 1:colcon.colcon_core.package_identification:_identify(ros2_ws/src/usb_cam) by extensions ['colcon_pkg']
[0.956s] Level 1:colcon.colcon_core.package_identification:_identify(ros2_ws/src/usb_cam) by extension 'colcon_pkg'
[0.956s] Level 1:colcon.colcon_core.package_identification:_identify(ros2_ws/src/usb_cam) by extensions ['colcon_meta']
[0.956s] Level 1:colcon.colcon_core.package_identification:_identify(ros2_ws/src/usb_cam) by extension 'colcon_meta'
[0.956s] Level 1:colcon.colcon_core.package_identification:_identify(ros2_ws/src/usb_cam) by extensions ['ros']
[0.956s] Level 1:colcon.colcon_core.package_identification:_identify(ros2_ws/src/usb_cam) by extension 'ros'
[0.958s] DEBUG:colcon.colcon_core.package_identification:Package 'ros2_ws/src/usb_cam' with type 'ros.ament_cmake' and name 'usb_cam'
[0.958s] Level 1:colcon.colcon_core.package_discovery:discover_packages(recursive) using defaults
[0.958s] Level 1:colcon.colcon_core.package_discovery:discover_packages(ignore) discover
[0.958s] Level 1:colcon.colcon_core.package_discovery:discover_packages(ignore) using defaults
[0.958s] Level 1:colcon.colcon_core.package_discovery:discover_packages(path) discover
[0.958s] Level 1:colcon.colcon_core.package_discovery:discover_packages(path) using defaults
[1.040s] Level 5:colcon.colcon_core.verb:set package 'interfaces' build argument 'cmake_args' from command line to 'None'
[1.040s] Level 5:colcon.colcon_core.verb:set package 'interfaces' build argument 'cmake_target' from command line to 'None'
[1.040s] Level 5:colcon.colcon_core.verb:set package 'interfaces' build argument 'cmake_target_skip_unavailable' from command line to 'False'
[1.040s] Level 5:colcon.colcon_core.verb:set package 'interfaces' build argument 'cmake_clean_cache' from command line to 'False'
[1.040s] Level 5:colcon.colcon_core.verb:set package 'interfaces' build argument 'cmake_clean_first' from command line to 'False'
[1.040s] Level 5:colcon.colcon_core.verb:set package 'interfaces' build argument 'cmake_force_configure' from command line to 'False'
[1.040s] Level 5:colcon.colcon_core.verb:set package 'interfaces' build argument 'ament_cmake_args' from command line to 'None'
[1.041s] Level 5:colcon.colcon_core.verb:set package 'interfaces' build argument 'catkin_cmake_args' from command line to 'None'
[1.041s] Level 5:colcon.colcon_core.verb:set package 'interfaces' build argument 'catkin_skip_building_tests' from command line to 'False'
[1.041s] DEBUG:colcon.colcon_core.verb:Building package 'interfaces' with the following arguments: {'ament_cmake_args': None, 'build_base': '/home/Git/geicar/jetsonNano/build/interfaces', 'catkin_cmake_args': None, 'catkin_skip_building_tests': False, 'cmake_args': None, 'cmake_clean_cache': False, 'cmake_clean_first': False, 'cmake_force_configure': False, 'cmake_target': None, 'cmake_target_skip_unavailable': False, 'install_base': '/home/Git/geicar/jetsonNano/install/interfaces', 'merge_install': False, 'path': '/home/Git/geicar/jetsonNano/ros2_ws/src/interfaces', 'symlink_install': False, 'test_result_base': None}
[1.041s] Level 5:colcon.colcon_core.verb:set package 'rplidar_ros' build argument 'cmake_args' from command line to 'None'
[1.041s] Level 5:colcon.colcon_core.verb:set package 'rplidar_ros' build argument 'cmake_target' from command line to 'None'
[1.041s] Level 5:colcon.colcon_core.verb:set package 'rplidar_ros' build argument 'cmake_target_skip_unavailable' from command line to 'False'
[1.041s] Level 5:colcon.colcon_core.verb:set package 'rplidar_ros' build argument 'cmake_clean_cache' from command line to 'False'
[1.041s] Level 5:colcon.colcon_core.verb:set package 'rplidar_ros' build argument 'cmake_clean_first' from command line to 'False'
[1.041s] Level 5:colcon.colcon_core.verb:set package 'rplidar_ros' build argument 'cmake_force_configure' from command line to 'False'
[1.041s] Level 5:colcon.colcon_core.verb:set package 'rplidar_ros' build argument 'ament_cmake_args' from command line to 'None'
[1.041s] Level 5:colcon.colcon_core.verb:set package 'rplidar_ros' build argument 'catkin_cmake_args' from command line to 'None'
[1.041s] Level 5:colcon.colcon_core.verb:set package 'rplidar_ros' build argument 'catkin_skip_building_tests' from command line to 'False'
[1.041s] DEBUG:colcon.colcon_core.verb:Building package 'rplidar_ros' with the following arguments: {'ament_cmake_args': None, 'build_base': '/home/Git/geicar/jetsonNano/build/rplidar_ros', 'catkin_cmake_args': None, 'catkin_skip_building_tests': False, 'cmake_args': None, 'cmake_clean_cache': False, 'cmake_clean_first': False, 'cmake_force_configure': False, 'cmake_target': None, 'cmake_target_skip_unavailable': False, 'install_base': '/home/Git/geicar/jetsonNano/install/rplidar_ros', 'merge_install': False, 'path': '/home/Git/geicar/jetsonNano/ros2_ws/src/rplidar_ros2', 'symlink_install': False, 'test_result_base': None}
[1.042s] Level 5:colcon.colcon_core.verb:set package 'usb_cam' build argument 'cmake_args' from command line to 'None'
[1.042s] Level 5:colcon.colcon_core.verb:set package 'usb_cam' build argument 'cmake_target' from command line to 'None'
[1.042s] Level 5:colcon.colcon_core.verb:set package 'usb_cam' build argument 'cmake_target_skip_unavailable' from command line to 'False'
[1.042s] Level 5:colcon.colcon_core.verb:set package 'usb_cam' build argument 'cmake_clean_cache' from command line to 'False'
[1.042s] Level 5:colcon.colcon_core.verb:set package 'usb_cam' build argument 'cmake_clean_first' from command line to 'False'
[1.042s] Level 5:colcon.colcon_core.verb:set package 'usb_cam' build argument 'cmake_force_configure' from command line to 'False'
[1.042s] Level 5:colcon.colcon_core.verb:set package 'usb_cam' build argument 'ament_cmake_args' from command line to 'None'
[1.042s] Level 5:colcon.colcon_core.verb:set package 'usb_cam' build argument 'catkin_cmake_args' from command line to 'None'
[1.042s] Level 5:colcon.colcon_core.verb:set package 'usb_cam' build argument 'catkin_skip_building_tests' from command line to 'False'
[1.042s] DEBUG:colcon.colcon_core.verb:Building package 'usb_cam' with the following arguments: {'ament_cmake_args': None, 'build_base': '/home/Git/geicar/jetsonNano/build/usb_cam', 'catkin_cmake_args': None, 'catkin_skip_building_tests': False, 'cmake_args': None, 'cmake_clean_cache': False, 'cmake_clean_first': False, 'cmake_force_configure': False, 'cmake_target': None, 'cmake_target_skip_unavailable': False, 'install_base': '/home/Git/geicar/jetsonNano/install/usb_cam', 'merge_install': False, 'path': '/home/Git/geicar/jetsonNano/ros2_ws/src/usb_cam', 'symlink_install': False, 'test_result_base': None}
[1.042s] Level 5:colcon.colcon_core.verb:set package 'geicar_start_jetson' build argument 'cmake_args' from command line to 'None'
[1.042s] Level 5:colcon.colcon_core.verb:set package 'geicar_start_jetson' build argument 'cmake_target' from command line to 'None'
[1.042s] Level 5:colcon.colcon_core.verb:set package 'geicar_start_jetson' build argument 'cmake_target_skip_unavailable' from command line to 'False'
[1.042s] Level 5:colcon.colcon_core.verb:set package 'geicar_start_jetson' build argument 'cmake_clean_cache' from command line to 'False'
[1.042s] Level 5:colcon.colcon_core.verb:set package 'geicar_start_jetson' build argument 'cmake_clean_first' from command line to 'False'
[1.042s] Level 5:colcon.colcon_core.verb:set package 'geicar_start_jetson' build argument 'cmake_force_configure' from command line to 'False'
[1.042s] Level 5:colcon.colcon_core.verb:set package 'geicar_start_jetson' build argument 'ament_cmake_args' from command line to 'None'
[1.042s] Level 5:colcon.colcon_core.verb:set package 'geicar_start_jetson' build argument 'catkin_cmake_args' from command line to 'None'
[1.042s] Level 5:colcon.colcon_core.verb:set package 'geicar_start_jetson' build argument 'catkin_skip_building_tests' from command line to 'False'
[1.042s] DEBUG:colcon.colcon_core.verb:Building package 'geicar_start_jetson' with the following arguments: {'ament_cmake_args': None, 'build_base': '/home/Git/geicar/jetsonNano/build/geicar_start_jetson', 'catkin_cmake_args': None, 'catkin_skip_building_tests': False, 'cmake_args': None, 'cmake_clean_cache': False, 'cmake_clean_first': False, 'cmake_force_configure': False, 'cmake_target': None, 'cmake_target_skip_unavailable': False, 'install_base': '/home/Git/geicar/jetsonNano/install/geicar_start_jetson', 'merge_install': False, 'path': '/home/Git/geicar/jetsonNano/ros2_ws/src/geicar_start_jetson', 'symlink_install': False, 'test_result_base': None}
[1.043s] Level 5:colcon.colcon_core.verb:set package 'system_check_ack' build argument 'cmake_args' from command line to 'None'
[1.043s] Level 5:colcon.colcon_core.verb:set package 'system_check_ack' build argument 'cmake_target' from command line to 'None'
[1.043s] Level 5:colcon.colcon_core.verb:set package 'system_check_ack' build argument 'cmake_target_skip_unavailable' from command line to 'False'
[1.043s] Level 5:colcon.colcon_core.verb:set package 'system_check_ack' build argument 'cmake_clean_cache' from command line to 'False'
[1.043s] Level 5:colcon.colcon_core.verb:set package 'system_check_ack' build argument 'cmake_clean_first' from command line to 'False'
[1.043s] Level 5:colcon.colcon_core.verb:set package 'system_check_ack' build argument 'cmake_force_configure' from command line to 'False'
[1.043s] Level 5:colcon.colcon_core.verb:set package 'system_check_ack' build argument 'ament_cmake_args' from command line to 'None'
[1.043s] Level 5:colcon.colcon_core.verb:set package 'system_check_ack' build argument 'catkin_cmake_args' from command line to 'None'
[1.043s] Level 5:colcon.colcon_core.verb:set package 'system_check_ack' build argument 'catkin_skip_building_tests' from command line to 'False'
[1.043s] DEBUG:colcon.colcon_core.verb:Building package 'system_check_ack' with the following arguments: {'ament_cmake_args': None, 'build_base': '/home/Git/geicar/jetsonNano/build/system_check_ack', 'catkin_cmake_args': None, 'catkin_skip_building_tests': False, 'cmake_args': None, 'cmake_clean_cache': False, 'cmake_clean_first': False, 'cmake_force_configure': False, 'cmake_target': None, 'cmake_target_skip_unavailable': False, 'install_base': '/home/Git/geicar/jetsonNano/install/system_check_ack', 'merge_install': False, 'path': '/home/Git/geicar/jetsonNano/ros2_ws/src/system_check_ack', 'symlink_install': False, 'test_result_base': None}
[1.043s] INFO:colcon.colcon_core.executor:Executing jobs using 'parallel' executor
[1.045s] DEBUG:colcon.colcon_parallel_executor.executor.parallel:run_until_complete
[1.045s] INFO:colcon.colcon_ros.task.ament_cmake.build:Building ROS package in '/home/Git/geicar/jetsonNano/ros2_ws/src/interfaces' with build type 'ament_cmake'
[1.045s] INFO:colcon.colcon_cmake.task.cmake.build:Building CMake package in '/home/Git/geicar/jetsonNano/ros2_ws/src/interfaces'
[1.063s] INFO:colcon.colcon_core.plugin_system:Skipping extension 'colcon_core.shell.bat': Not used on non-Windows systems
[1.064s] INFO:colcon.colcon_core.shell:Skip shell extension 'powershell' for command environment: Not usable outside of PowerShell
[1.064s] DEBUG:colcon.colcon_core.shell:Skip shell extension 'dsv' for command environment
[1.075s] INFO:colcon.colcon_ros.task.ament_cmake.build:Building ROS package in '/home/Git/geicar/jetsonNano/ros2_ws/src/rplidar_ros2' with build type 'ament_cmake'
[1.075s] INFO:colcon.colcon_cmake.task.cmake.build:Building CMake package in '/home/Git/geicar/jetsonNano/ros2_ws/src/rplidar_ros2'
[1.076s] INFO:colcon.colcon_core.shell:Skip shell extension 'powershell' for command environment: Not usable outside of PowerShell
[1.076s] DEBUG:colcon.colcon_core.shell:Skip shell extension 'dsv' for command environment
[1.080s] INFO:colcon.colcon_ros.task.ament_cmake.build:Building ROS package in '/home/Git/geicar/jetsonNano/ros2_ws/src/usb_cam' with build type 'ament_cmake'
[1.081s] INFO:colcon.colcon_cmake.task.cmake.build:Building CMake package in '/home/Git/geicar/jetsonNano/ros2_ws/src/usb_cam'
[1.081s] INFO:colcon.colcon_core.shell:Skip shell extension 'powershell' for command environment: Not usable outside of PowerShell
[1.081s] DEBUG:colcon.colcon_core.shell:Skip shell extension 'dsv' for command environment
[1.090s] DEBUG:colcon.colcon_core.event_handler.log_command:Invoking command in '/home/Git/geicar/jetsonNano/build/interfaces': CMAKE_PREFIX_PATH=/opt/ros/humble /usr/bin/cmake /home/Git/geicar/jetsonNano/ros2_ws/src/interfaces -DCMAKE_INSTALL_PREFIX=/home/Git/geicar/jetsonNano/install/interfaces
[1.106s] DEBUG:colcon.colcon_core.event_handler.log_command:Invoking command in '/home/Git/geicar/jetsonNano/build/rplidar_ros': CMAKE_PREFIX_PATH=/opt/ros/humble /usr/bin/cmake /home/Git/geicar/jetsonNano/ros2_ws/src/rplidar_ros2 -DCMAKE_INSTALL_PREFIX=/home/Git/geicar/jetsonNano/install/rplidar_ros
[1.111s] DEBUG:colcon.colcon_core.event_handler.log_command:Invoking command in '/home/Git/geicar/jetsonNano/build/usb_cam': CMAKE_PREFIX_PATH=/opt/ros/humble /usr/bin/cmake /home/Git/geicar/jetsonNano/ros2_ws/src/usb_cam -DCMAKE_INSTALL_PREFIX=/home/Git/geicar/jetsonNano/install/usb_cam
[2.852s] DEBUG:colcon.colcon_core.event_handler.log_command:Invoked command in '/home/Git/geicar/jetsonNano/build/rplidar_ros' returned '0': CMAKE_PREFIX_PATH=/opt/ros/humble /usr/bin/cmake /home/Git/geicar/jetsonNano/ros2_ws/src/rplidar_ros2 -DCMAKE_INSTALL_PREFIX=/home/Git/geicar/jetsonNano/install/rplidar_ros
[2.856s] DEBUG:colcon.colcon_core.event_handler.log_command:Invoking command in '/home/Git/geicar/jetsonNano/build/rplidar_ros': CMAKE_PREFIX_PATH=/opt/ros/humble /usr/bin/cmake --build /home/Git/geicar/jetsonNano/build/rplidar_ros -- -j12 -l12
[3.401s] DEBUG:colcon.colcon_core.event_handler.log_command:Invoked command in '/home/Git/geicar/jetsonNano/build/usb_cam' returned '0': CMAKE_PREFIX_PATH=/opt/ros/humble /usr/bin/cmake /home/Git/geicar/jetsonNano/ros2_ws/src/usb_cam -DCMAKE_INSTALL_PREFIX=/home/Git/geicar/jetsonNano/install/usb_cam
[3.405s] DEBUG:colcon.colcon_core.event_handler.log_command:Invoking command in '/home/Git/geicar/jetsonNano/build/usb_cam': CMAKE_PREFIX_PATH=/opt/ros/humble /usr/bin/cmake --build /home/Git/geicar/jetsonNano/build/usb_cam -- -j12 -l12
[4.645s] DEBUG:colcon.colcon_core.event_handler.log_command:Invoked command in '/home/Git/geicar/jetsonNano/build/interfaces' returned '0': CMAKE_PREFIX_PATH=/opt/ros/humble /usr/bin/cmake /home/Git/geicar/jetsonNano/ros2_ws/src/interfaces -DCMAKE_INSTALL_PREFIX=/home/Git/geicar/jetsonNano/install/interfaces
[4.648s] DEBUG:colcon.colcon_core.event_handler.log_command:Invoking command in '/home/Git/geicar/jetsonNano/build/interfaces': CMAKE_PREFIX_PATH=/opt/ros/humble /usr/bin/cmake --build /home/Git/geicar/jetsonNano/build/interfaces -- -j12 -l12
[18.345s] DEBUG:colcon.colcon_core.event_handler.log_command:Invoked command in '/home/Git/geicar/jetsonNano/build/interfaces' returned '0': CMAKE_PREFIX_PATH=/opt/ros/humble /usr/bin/cmake --build /home/Git/geicar/jetsonNano/build/interfaces -- -j12 -l12
[18.783s] DEBUG:colcon.colcon_core.event_handler.log_command:Invoking command in '/home/Git/geicar/jetsonNano/build/interfaces': CMAKE_PREFIX_PATH=/opt/ros/humble /usr/bin/cmake --install /home/Git/geicar/jetsonNano/build/interfaces
[18.965s] Level 1:colcon.colcon_core.environment:create_environment_scripts_only(interfaces)
[18.969s] DEBUG:colcon.colcon_core.event_handler.log_command:Invoked command in '/home/Git/geicar/jetsonNano/build/interfaces' returned '0': CMAKE_PREFIX_PATH=/opt/ros/humble /usr/bin/cmake --install /home/Git/geicar/jetsonNano/build/interfaces
[19.001s] Level 1:colcon.colcon_core.environment:checking '/home/Git/geicar/jetsonNano/install/interfaces' for CMake module files
[19.002s] Level 1:colcon.colcon_core.environment:checking '/home/Git/geicar/jetsonNano/install/interfaces' for CMake config files
[19.002s] Level 1:colcon.colcon_core.shell:create_environment_hook('interfaces', 'cmake_prefix_path')
[19.002s] INFO:colcon.colcon_core.shell:Creating environment hook '/home/Git/geicar/jetsonNano/install/interfaces/share/interfaces/hook/cmake_prefix_path.ps1'
[19.004s] INFO:colcon.colcon_core.shell:Creating environment descriptor '/home/Git/geicar/jetsonNano/install/interfaces/share/interfaces/hook/cmake_prefix_path.dsv'
[19.004s] INFO:colcon.colcon_core.shell:Creating environment hook '/home/Git/geicar/jetsonNano/install/interfaces/share/interfaces/hook/cmake_prefix_path.sh'
[19.005s] Level 1:colcon.colcon_core.environment:checking '/home/Git/geicar/jetsonNano/install/interfaces/lib'
[19.006s] Level 1:colcon.colcon_core.shell:create_environment_hook('interfaces', 'ld_library_path_lib')
[19.006s] INFO:colcon.colcon_core.shell:Creating environment hook '/home/Git/geicar/jetsonNano/install/interfaces/share/interfaces/hook/ld_library_path_lib.ps1'
[19.007s] INFO:colcon.colcon_core.shell:Creating environment descriptor '/home/Git/geicar/jetsonNano/install/interfaces/share/interfaces/hook/ld_library_path_lib.dsv'
[19.007s] INFO:colcon.colcon_core.shell:Creating environment hook '/home/Git/geicar/jetsonNano/install/interfaces/share/interfaces/hook/ld_library_path_lib.sh'
[19.007s] Level 1:colcon.colcon_core.environment:checking '/home/Git/geicar/jetsonNano/install/interfaces/bin'
[19.007s] Level 1:colcon.colcon_core.environment:checking '/home/Git/geicar/jetsonNano/install/interfaces/lib/pkgconfig/interfaces.pc'
[19.010s] Level 1:colcon.colcon_core.environment:checking '/home/Git/geicar/jetsonNano/install/interfaces/lib/python3.10/site-packages'
[19.010s] Level 1:colcon.colcon_core.environment:checking '/home/Git/geicar/jetsonNano/install/interfaces/bin'
[19.011s] INFO:colcon.colcon_core.shell:Creating package script '/home/Git/geicar/jetsonNano/install/interfaces/share/interfaces/package.ps1'
[19.012s] INFO:colcon.colcon_core.shell:Creating package descriptor '/home/Git/geicar/jetsonNano/install/interfaces/share/interfaces/package.dsv'
[19.013s] INFO:colcon.colcon_core.shell:Creating package script '/home/Git/geicar/jetsonNano/install/interfaces/share/interfaces/package.sh'
[19.014s] INFO:colcon.colcon_core.shell:Creating package script '/home/Git/geicar/jetsonNano/install/interfaces/share/interfaces/package.bash'
[19.017s] INFO:colcon.colcon_core.shell:Creating package script '/home/Git/geicar/jetsonNano/install/interfaces/share/interfaces/package.zsh'
[19.018s] Level 1:colcon.colcon_core.environment:create_file_with_runtime_dependencies(/home/Git/geicar/jetsonNano/install/interfaces/share/colcon-core/packages/interfaces)
[19.357s] Level 1:colcon.colcon_core.environment:create_environment_scripts_only(interfaces)
[19.357s] Level 1:colcon.colcon_core.environment:checking '/home/Git/geicar/jetsonNano/install/interfaces' for CMake module files
[19.358s] Level 1:colcon.colcon_core.environment:checking '/home/Git/geicar/jetsonNano/install/interfaces' for CMake config files
[19.358s] Level 1:colcon.colcon_core.shell:create_environment_hook('interfaces', 'cmake_prefix_path')
[19.359s] INFO:colcon.colcon_core.shell:Creating environment hook '/home/Git/geicar/jetsonNano/install/interfaces/share/interfaces/hook/cmake_prefix_path.ps1'
[19.359s] INFO:colcon.colcon_core.shell:Creating environment descriptor '/home/Git/geicar/jetsonNano/install/interfaces/share/interfaces/hook/cmake_prefix_path.dsv'
[19.360s] INFO:colcon.colcon_core.shell:Creating environment hook '/home/Git/geicar/jetsonNano/install/interfaces/share/interfaces/hook/cmake_prefix_path.sh'
[19.361s] Level 1:colcon.colcon_core.environment:checking '/home/Git/geicar/jetsonNano/install/interfaces/lib'
[19.361s] Level 1:colcon.colcon_core.shell:create_environment_hook('interfaces', 'ld_library_path_lib')
[19.361s] INFO:colcon.colcon_core.shell:Creating environment hook '/home/Git/geicar/jetsonNano/install/interfaces/share/interfaces/hook/ld_library_path_lib.ps1'
[19.362s] INFO:colcon.colcon_core.shell:Creating environment descriptor '/home/Git/geicar/jetsonNano/install/interfaces/share/interfaces/hook/ld_library_path_lib.dsv'
[19.362s] INFO:colcon.colcon_core.shell:Creating environment hook '/home/Git/geicar/jetsonNano/install/interfaces/share/interfaces/hook/ld_library_path_lib.sh'
[19.364s] Level 1:colcon.colcon_core.environment:checking '/home/Git/geicar/jetsonNano/install/interfaces/bin'
[19.365s] Level 1:colcon.colcon_core.environment:checking '/home/Git/geicar/jetsonNano/install/interfaces/lib/pkgconfig/interfaces.pc'
[19.365s] Level 1:colcon.colcon_core.environment:checking '/home/Git/geicar/jetsonNano/install/interfaces/lib/python3.10/site-packages'
[19.366s] Level 1:colcon.colcon_core.environment:checking '/home/Git/geicar/jetsonNano/install/interfaces/bin'
[19.367s] INFO:colcon.colcon_core.shell:Creating package script '/home/Git/geicar/jetsonNano/install/interfaces/share/interfaces/package.ps1'
[19.370s] INFO:colcon.colcon_core.shell:Creating package descriptor '/home/Git/geicar/jetsonNano/install/interfaces/share/interfaces/package.dsv'
[19.372s] INFO:colcon.colcon_core.shell:Creating package script '/home/Git/geicar/jetsonNano/install/interfaces/share/interfaces/package.sh'
[19.374s] INFO:colcon.colcon_core.shell:Creating package script '/home/Git/geicar/jetsonNano/install/interfaces/share/interfaces/package.bash'
[19.374s] INFO:colcon.colcon_core.shell:Creating package script '/home/Git/geicar/jetsonNano/install/interfaces/share/interfaces/package.zsh'
[19.375s] Level 1:colcon.colcon_core.environment:create_file_with_runtime_dependencies(/home/Git/geicar/jetsonNano/install/interfaces/share/colcon-core/packages/interfaces)
[19.376s] INFO:colcon.colcon_ros.task.ament_cmake.build:Building ROS package in '/home/Git/geicar/jetsonNano/ros2_ws/src/system_check_ack' with build type 'ament_cmake'
[19.376s] INFO:colcon.colcon_cmake.task.cmake.build:Building CMake package in '/home/Git/geicar/jetsonNano/ros2_ws/src/system_check_ack'
[19.377s] INFO:colcon.colcon_core.shell:Skip shell extension 'powershell' for command environment: Not usable outside of PowerShell
[19.378s] DEBUG:colcon.colcon_core.shell:Skip shell extension 'dsv' for command environment
[19.415s] DEBUG:colcon.colcon_core.event_handler.log_command:Invoking command in '/home/Git/geicar/jetsonNano/build/system_check_ack': AMENT_PREFIX_PATH=/home/Git/geicar/jetsonNano/install/interfaces:${AMENT_PREFIX_PATH} CMAKE_PREFIX_PATH=/home/Git/geicar/jetsonNano/install/interfaces:/opt/ros/humble LD_LIBRARY_PATH=/home/Git/geicar/jetsonNano/install/interfaces/lib:${LD_LIBRARY_PATH} PYTHONPATH=/home/Git/geicar/jetsonNano/install/interfaces/local/lib/python3.10/dist-packages:${PYTHONPATH} /usr/bin/cmake /home/Git/geicar/jetsonNano/ros2_ws/src/system_check_ack -DCMAKE_INSTALL_PREFIX=/home/Git/geicar/jetsonNano/install/system_check_ack
[19.780s] DEBUG:colcon.colcon_core.event_handler.log_command:Invoked command in '/home/Git/geicar/jetsonNano/build/usb_cam' returned '0': CMAKE_PREFIX_PATH=/opt/ros/humble /usr/bin/cmake --build /home/Git/geicar/jetsonNano/build/usb_cam -- -j12 -l12
[19.849s] DEBUG:colcon.colcon_core.event_handler.log_command:Invoking command in '/home/Git/geicar/jetsonNano/build/usb_cam': CMAKE_PREFIX_PATH=/opt/ros/humble /usr/bin/cmake --install /home/Git/geicar/jetsonNano/build/usb_cam
[19.904s] Level 1:colcon.colcon_core.environment:create_environment_scripts_only(usb_cam)
[19.905s] Level 1:colcon.colcon_core.environment:checking '/home/Git/geicar/jetsonNano/install/usb_cam' for CMake module files
[19.907s] DEBUG:colcon.colcon_core.event_handler.log_command:Invoked command in '/home/Git/geicar/jetsonNano/build/usb_cam' returned '0': CMAKE_PREFIX_PATH=/opt/ros/humble /usr/bin/cmake --install /home/Git/geicar/jetsonNano/build/usb_cam
[19.909s] Level 1:colcon.colcon_core.environment:checking '/home/Git/geicar/jetsonNano/install/usb_cam' for CMake config files
[19.909s] Level 1:colcon.colcon_core.shell:create_environment_hook('usb_cam', 'cmake_prefix_path')
[19.909s] INFO:colcon.colcon_core.shell:Creating environment hook '/home/Git/geicar/jetsonNano/install/usb_cam/share/usb_cam/hook/cmake_prefix_path.ps1'
[19.910s] INFO:colcon.colcon_core.shell:Creating environment descriptor '/home/Git/geicar/jetsonNano/install/usb_cam/share/usb_cam/hook/cmake_prefix_path.dsv'
[19.911s] INFO:colcon.colcon_core.shell:Creating environment hook '/home/Git/geicar/jetsonNano/install/usb_cam/share/usb_cam/hook/cmake_prefix_path.sh'
[19.912s] Level 1:colcon.colcon_core.environment:checking '/home/Git/geicar/jetsonNano/install/usb_cam/lib'
[19.912s] Level 1:colcon.colcon_core.shell:create_environment_hook('usb_cam', 'ld_library_path_lib')
[19.913s] INFO:colcon.colcon_core.shell:Creating environment hook '/home/Git/geicar/jetsonNano/install/usb_cam/share/usb_cam/hook/ld_library_path_lib.ps1'
[19.913s] INFO:colcon.colcon_core.shell:Creating environment descriptor '/home/Git/geicar/jetsonNano/install/usb_cam/share/usb_cam/hook/ld_library_path_lib.dsv'
[19.914s] INFO:colcon.colcon_core.shell:Creating environment hook '/home/Git/geicar/jetsonNano/install/usb_cam/share/usb_cam/hook/ld_library_path_lib.sh'
[19.914s] Level 1:colcon.colcon_core.environment:checking '/home/Git/geicar/jetsonNano/install/usb_cam/bin'
[19.914s] Level 1:colcon.colcon_core.environment:checking '/home/Git/geicar/jetsonNano/install/usb_cam/lib/pkgconfig/usb_cam.pc'
[19.914s] Level 1:colcon.colcon_core.environment:checking '/home/Git/geicar/jetsonNano/install/usb_cam/lib/python3.10/site-packages'
[19.915s] Level 1:colcon.colcon_core.environment:checking '/home/Git/geicar/jetsonNano/install/usb_cam/bin'
[19.915s] INFO:colcon.colcon_core.shell:Creating package script '/home/Git/geicar/jetsonNano/install/usb_cam/share/usb_cam/package.ps1'
[19.916s] INFO:colcon.colcon_core.shell:Creating package descriptor '/home/Git/geicar/jetsonNano/install/usb_cam/share/usb_cam/package.dsv'
[19.916s] INFO:colcon.colcon_core.shell:Creating package script '/home/Git/geicar/jetsonNano/install/usb_cam/share/usb_cam/package.sh'
[19.917s] INFO:colcon.colcon_core.shell:Creating package script '/home/Git/geicar/jetsonNano/install/usb_cam/share/usb_cam/package.bash'
[19.917s] INFO:colcon.colcon_core.shell:Creating package script '/home/Git/geicar/jetsonNano/install/usb_cam/share/usb_cam/package.zsh'
[19.918s] Level 1:colcon.colcon_core.environment:create_file_with_runtime_dependencies(/home/Git/geicar/jetsonNano/install/usb_cam/share/colcon-core/packages/usb_cam)
[19.977s] Level 1:colcon.colcon_core.environment:create_environment_scripts_only(usb_cam)
[19.977s] Level 1:colcon.colcon_core.environment:checking '/home/Git/geicar/jetsonNano/install/usb_cam' for CMake module files
[19.978s] Level 1:colcon.colcon_core.environment:checking '/home/Git/geicar/jetsonNano/install/usb_cam' for CMake config files
[19.979s] Level 1:colcon.colcon_core.shell:create_environment_hook('usb_cam', 'cmake_prefix_path')
[19.979s] INFO:colcon.colcon_core.shell:Creating environment hook '/home/Git/geicar/jetsonNano/install/usb_cam/share/usb_cam/hook/cmake_prefix_path.ps1'
[19.980s] INFO:colcon.colcon_core.shell:Creating environment descriptor '/home/Git/geicar/jetsonNano/install/usb_cam/share/usb_cam/hook/cmake_prefix_path.dsv'
[19.981s] INFO:colcon.colcon_core.shell:Creating environment hook '/home/Git/geicar/jetsonNano/install/usb_cam/share/usb_cam/hook/cmake_prefix_path.sh'
[19.982s] Level 1:colcon.colcon_core.environment:checking '/home/Git/geicar/jetsonNano/install/usb_cam/lib'
[19.982s] Level 1:colcon.colcon_core.shell:create_environment_hook('usb_cam', 'ld_library_path_lib')
[19.984s] INFO:colcon.colcon_core.shell:Creating environment hook '/home/Git/geicar/jetsonNano/install/usb_cam/share/usb_cam/hook/ld_library_path_lib.ps1'
[19.986s] INFO:colcon.colcon_core.shell:Creating environment descriptor '/home/Git/geicar/jetsonNano/install/usb_cam/share/usb_cam/hook/ld_library_path_lib.dsv'
[19.987s] INFO:colcon.colcon_core.shell:Creating environment hook '/home/Git/geicar/jetsonNano/install/usb_cam/share/usb_cam/hook/ld_library_path_lib.sh'
[19.989s] Level 1:colcon.colcon_core.environment:checking '/home/Git/geicar/jetsonNano/install/usb_cam/bin'
[19.989s] Level 1:colcon.colcon_core.environment:checking '/home/Git/geicar/jetsonNano/install/usb_cam/lib/pkgconfig/usb_cam.pc'
[19.990s] Level 1:colcon.colcon_core.environment:checking '/home/Git/geicar/jetsonNano/install/usb_cam/lib/python3.10/site-packages'
[19.990s] Level 1:colcon.colcon_core.environment:checking '/home/Git/geicar/jetsonNano/install/usb_cam/bin'
[19.991s] INFO:colcon.colcon_core.shell:Creating package script '/home/Git/geicar/jetsonNano/install/usb_cam/share/usb_cam/package.ps1'
[19.994s] INFO:colcon.colcon_core.shell:Creating package descriptor '/home/Git/geicar/jetsonNano/install/usb_cam/share/usb_cam/package.dsv'
[19.997s] INFO:colcon.colcon_core.shell:Creating package script '/home/Git/geicar/jetsonNano/install/usb_cam/share/usb_cam/package.sh'
[19.998s] INFO:colcon.colcon_core.shell:Creating package script '/home/Git/geicar/jetsonNano/install/usb_cam/share/usb_cam/package.bash'
[19.999s] INFO:colcon.colcon_core.shell:Creating package script '/home/Git/geicar/jetsonNano/install/usb_cam/share/usb_cam/package.zsh'
[20.000s] Level 1:colcon.colcon_core.environment:create_file_with_runtime_dependencies(/home/Git/geicar/jetsonNano/install/usb_cam/share/colcon-core/packages/usb_cam)
[21.298s] DEBUG:colcon.colcon_core.event_handler.log_command:Invoked command in '/home/Git/geicar/jetsonNano/build/rplidar_ros' returned '0': CMAKE_PREFIX_PATH=/opt/ros/humble /usr/bin/cmake --build /home/Git/geicar/jetsonNano/build/rplidar_ros -- -j12 -l12
[21.356s] DEBUG:colcon.colcon_core.event_handler.log_command:Invoking command in '/home/Git/geicar/jetsonNano/build/rplidar_ros': CMAKE_PREFIX_PATH=/opt/ros/humble /usr/bin/cmake --install /home/Git/geicar/jetsonNano/build/rplidar_ros
[21.401s] DEBUG:colcon.colcon_core.event_handler.log_command:Invoked command in '/home/Git/geicar/jetsonNano/build/system_check_ack' returned '0': AMENT_PREFIX_PATH=/home/Git/geicar/jetsonNano/install/interfaces:${AMENT_PREFIX_PATH} CMAKE_PREFIX_PATH=/home/Git/geicar/jetsonNano/install/interfaces:/opt/ros/humble LD_LIBRARY_PATH=/home/Git/geicar/jetsonNano/install/interfaces/lib:${LD_LIBRARY_PATH} PYTHONPATH=/home/Git/geicar/jetsonNano/install/interfaces/local/lib/python3.10/dist-packages:${PYTHONPATH} /usr/bin/cmake /home/Git/geicar/jetsonNano/ros2_ws/src/system_check_ack -DCMAKE_INSTALL_PREFIX=/home/Git/geicar/jetsonNano/install/system_check_ack
[21.408s] Level 1:colcon.colcon_core.environment:create_environment_scripts_only(rplidar_ros)
[21.409s] DEBUG:colcon.colcon_core.event_handler.log_command:Invoking command in '/home/Git/geicar/jetsonNano/build/system_check_ack': AMENT_PREFIX_PATH=/home/Git/geicar/jetsonNano/install/interfaces:${AMENT_PREFIX_PATH} CMAKE_PREFIX_PATH=/home/Git/geicar/jetsonNano/install/interfaces:/opt/ros/humble LD_LIBRARY_PATH=/home/Git/geicar/jetsonNano/install/interfaces/lib:${LD_LIBRARY_PATH} PYTHONPATH=/home/Git/geicar/jetsonNano/install/interfaces/local/lib/python3.10/dist-packages:${PYTHONPATH} /usr/bin/cmake --build /home/Git/geicar/jetsonNano/build/system_check_ack -- -j12 -l12
[21.410s] Level 1:colcon.colcon_core.environment:checking '/home/Git/geicar/jetsonNano/install/rplidar_ros' for CMake module files
[21.411s] DEBUG:colcon.colcon_core.event_handler.log_command:Invoked command in '/home/Git/geicar/jetsonNano/build/rplidar_ros' returned '0': CMAKE_PREFIX_PATH=/opt/ros/humble /usr/bin/cmake --install /home/Git/geicar/jetsonNano/build/rplidar_ros
[21.412s] Level 1:colcon.colcon_core.environment:checking '/home/Git/geicar/jetsonNano/install/rplidar_ros' for CMake config files
[21.413s] Level 1:colcon.colcon_core.shell:create_environment_hook('rplidar_ros', 'cmake_prefix_path')
[21.413s] INFO:colcon.colcon_core.shell:Creating environment hook '/home/Git/geicar/jetsonNano/install/rplidar_ros/share/rplidar_ros/hook/cmake_prefix_path.ps1'
[21.417s] INFO:colcon.colcon_core.shell:Creating environment descriptor '/home/Git/geicar/jetsonNano/install/rplidar_ros/share/rplidar_ros/hook/cmake_prefix_path.dsv'
[21.418s] INFO:colcon.colcon_core.shell:Creating environment hook '/home/Git/geicar/jetsonNano/install/rplidar_ros/share/rplidar_ros/hook/cmake_prefix_path.sh'
[21.419s] Level 1:colcon.colcon_core.environment:checking '/home/Git/geicar/jetsonNano/install/rplidar_ros/lib'
[21.419s] Level 1:colcon.colcon_core.shell:create_environment_hook('rplidar_ros', 'ld_library_path_lib')
[21.419s] INFO:colcon.colcon_core.shell:Creating environment hook '/home/Git/geicar/jetsonNano/install/rplidar_ros/share/rplidar_ros/hook/ld_library_path_lib.ps1'
[21.420s] INFO:colcon.colcon_core.shell:Creating environment descriptor '/home/Git/geicar/jetsonNano/install/rplidar_ros/share/rplidar_ros/hook/ld_library_path_lib.dsv'
[21.420s] INFO:colcon.colcon_core.shell:Creating environment hook '/home/Git/geicar/jetsonNano/install/rplidar_ros/share/rplidar_ros/hook/ld_library_path_lib.sh'
[21.421s] Level 1:colcon.colcon_core.environment:checking '/home/Git/geicar/jetsonNano/install/rplidar_ros/bin'
[21.421s] Level 1:colcon.colcon_core.environment:checking '/home/Git/geicar/jetsonNano/install/rplidar_ros/lib/pkgconfig/rplidar_ros.pc'
[21.422s] Level 1:colcon.colcon_core.environment:checking '/home/Git/geicar/jetsonNano/install/rplidar_ros/lib/python3.10/site-packages'
[21.422s] Level 1:colcon.colcon_core.environment:checking '/home/Git/geicar/jetsonNano/install/rplidar_ros/bin'
[21.423s] INFO:colcon.colcon_core.shell:Creating package script '/home/Git/geicar/jetsonNano/install/rplidar_ros/share/rplidar_ros/package.ps1'
[21.424s] INFO:colcon.colcon_core.shell:Creating package descriptor '/home/Git/geicar/jetsonNano/install/rplidar_ros/share/rplidar_ros/package.dsv'
[21.424s] INFO:colcon.colcon_core.shell:Creating package script '/home/Git/geicar/jetsonNano/install/rplidar_ros/share/rplidar_ros/package.sh'
[21.425s] INFO:colcon.colcon_core.shell:Creating package script '/home/Git/geicar/jetsonNano/install/rplidar_ros/share/rplidar_ros/package.bash'
[21.425s] INFO:colcon.colcon_core.shell:Creating package script '/home/Git/geicar/jetsonNano/install/rplidar_ros/share/rplidar_ros/package.zsh'
[21.426s] Level 1:colcon.colcon_core.environment:create_file_with_runtime_dependencies(/home/Git/geicar/jetsonNano/install/rplidar_ros/share/colcon-core/packages/rplidar_ros)
[21.488s] Level 1:colcon.colcon_core.environment:create_environment_scripts_only(rplidar_ros)
[21.488s] Level 1:colcon.colcon_core.environment:checking '/home/Git/geicar/jetsonNano/install/rplidar_ros' for CMake module files
[21.489s] Level 1:colcon.colcon_core.environment:checking '/home/Git/geicar/jetsonNano/install/rplidar_ros' for CMake config files
[21.490s] Level 1:colcon.colcon_core.shell:create_environment_hook('rplidar_ros', 'cmake_prefix_path')
[21.490s] INFO:colcon.colcon_core.shell:Creating environment hook '/home/Git/geicar/jetsonNano/install/rplidar_ros/share/rplidar_ros/hook/cmake_prefix_path.ps1'
[21.491s] INFO:colcon.colcon_core.shell:Creating environment descriptor '/home/Git/geicar/jetsonNano/install/rplidar_ros/share/rplidar_ros/hook/cmake_prefix_path.dsv'
[21.491s] INFO:colcon.colcon_core.shell:Creating environment hook '/home/Git/geicar/jetsonNano/install/rplidar_ros/share/rplidar_ros/hook/cmake_prefix_path.sh'
[21.492s] Level 1:colcon.colcon_core.environment:checking '/home/Git/geicar/jetsonNano/install/rplidar_ros/lib'
[21.492s] Level 1:colcon.colcon_core.shell:create_environment_hook('rplidar_ros', 'ld_library_path_lib')
[21.492s] INFO:colcon.colcon_core.shell:Creating environment hook '/home/Git/geicar/jetsonNano/install/rplidar_ros/share/rplidar_ros/hook/ld_library_path_lib.ps1'
[21.493s] INFO:colcon.colcon_core.shell:Creating environment descriptor '/home/Git/geicar/jetsonNano/install/rplidar_ros/share/rplidar_ros/hook/ld_library_path_lib.dsv'
[21.493s] INFO:colcon.colcon_core.shell:Creating environment hook '/home/Git/geicar/jetsonNano/install/rplidar_ros/share/rplidar_ros/hook/ld_library_path_lib.sh'
[21.494s] Level 1:colcon.colcon_core.environment:checking '/home/Git/geicar/jetsonNano/install/rplidar_ros/bin'
[21.495s] Level 1:colcon.colcon_core.environment:checking '/home/Git/geicar/jetsonNano/install/rplidar_ros/lib/pkgconfig/rplidar_ros.pc'
[21.495s] Level 1:colcon.colcon_core.environment:checking '/home/Git/geicar/jetsonNano/install/rplidar_ros/lib/python3.10/site-packages'
[21.496s] Level 1:colcon.colcon_core.environment:checking '/home/Git/geicar/jetsonNano/install/rplidar_ros/bin'
[21.497s] INFO:colcon.colcon_core.shell:Creating package script '/home/Git/geicar/jetsonNano/install/rplidar_ros/share/rplidar_ros/package.ps1'
[21.497s] INFO:colcon.colcon_core.shell:Creating package descriptor '/home/Git/geicar/jetsonNano/install/rplidar_ros/share/rplidar_ros/package.dsv'
[21.499s] INFO:colcon.colcon_core.shell:Creating package script '/home/Git/geicar/jetsonNano/install/rplidar_ros/share/rplidar_ros/package.sh'
[21.501s] INFO:colcon.colcon_core.shell:Creating package script '/home/Git/geicar/jetsonNano/install/rplidar_ros/share/rplidar_ros/package.bash'
[21.502s] INFO:colcon.colcon_core.shell:Creating package script '/home/Git/geicar/jetsonNano/install/rplidar_ros/share/rplidar_ros/package.zsh'
[21.502s] Level 1:colcon.colcon_core.environment:create_file_with_runtime_dependencies(/home/Git/geicar/jetsonNano/install/rplidar_ros/share/colcon-core/packages/rplidar_ros)
[21.504s] INFO:colcon.colcon_ros.task.ament_cmake.build:Building ROS package in '/home/Git/geicar/jetsonNano/ros2_ws/src/geicar_start_jetson' with build type 'ament_cmake'
[21.505s] INFO:colcon.colcon_cmake.task.cmake.build:Building CMake package in '/home/Git/geicar/jetsonNano/ros2_ws/src/geicar_start_jetson'
[21.507s] INFO:colcon.colcon_core.shell:Skip shell extension 'powershell' for command environment: Not usable outside of PowerShell
[21.507s] DEBUG:colcon.colcon_core.shell:Skip shell extension 'dsv' for command environment
[21.532s] DEBUG:colcon.colcon_core.event_handler.log_command:Invoking command in '/home/Git/geicar/jetsonNano/build/geicar_start_jetson': AMENT_PREFIX_PATH=/home/Git/geicar/jetsonNano/install/usb_cam:/home/Git/geicar/jetsonNano/install/rplidar_ros:${AMENT_PREFIX_PATH} CMAKE_PREFIX_PATH=/home/Git/geicar/jetsonNano/install/usb_cam:/home/Git/geicar/jetsonNano/install/rplidar_ros:/opt/ros/humble LD_LIBRARY_PATH=/home/Git/geicar/jetsonNano/install/usb_cam/lib:/home/Git/geicar/jetsonNano/install/rplidar_ros/lib:${LD_LIBRARY_PATH} /usr/bin/cmake /home/Git/geicar/jetsonNano/ros2_ws/src/geicar_start_jetson -DCMAKE_INSTALL_PREFIX=/home/Git/geicar/jetsonNano/install/geicar_start_jetson
[22.572s] DEBUG:colcon.colcon_core.event_handler.log_command:Invoked command in '/home/Git/geicar/jetsonNano/build/geicar_start_jetson' returned '0': AMENT_PREFIX_PATH=/home/Git/geicar/jetsonNano/install/usb_cam:/home/Git/geicar/jetsonNano/install/rplidar_ros:${AMENT_PREFIX_PATH} CMAKE_PREFIX_PATH=/home/Git/geicar/jetsonNano/install/usb_cam:/home/Git/geicar/jetsonNano/install/rplidar_ros:/opt/ros/humble LD_LIBRARY_PATH=/home/Git/geicar/jetsonNano/install/usb_cam/lib:/home/Git/geicar/jetsonNano/install/rplidar_ros/lib:${LD_LIBRARY_PATH} /usr/bin/cmake /home/Git/geicar/jetsonNano/ros2_ws/src/geicar_start_jetson -DCMAKE_INSTALL_PREFIX=/home/Git/geicar/jetsonNano/install/geicar_start_jetson
[22.576s] DEBUG:colcon.colcon_core.event_handler.log_command:Invoking command in '/home/Git/geicar/jetsonNano/build/geicar_start_jetson': AMENT_PREFIX_PATH=/home/Git/geicar/jetsonNano/install/usb_cam:/home/Git/geicar/jetsonNano/install/rplidar_ros:${AMENT_PREFIX_PATH} CMAKE_PREFIX_PATH=/home/Git/geicar/jetsonNano/install/usb_cam:/home/Git/geicar/jetsonNano/install/rplidar_ros:/opt/ros/humble LD_LIBRARY_PATH=/home/Git/geicar/jetsonNano/install/usb_cam/lib:/home/Git/geicar/jetsonNano/install/rplidar_ros/lib:${LD_LIBRARY_PATH} /usr/bin/cmake --build /home/Git/geicar/jetsonNano/build/geicar_start_jetson -- -j12 -l12
[22.634s] DEBUG:colcon.colcon_core.event_handler.log_command:Invoked command in '/home/Git/geicar/jetsonNano/build/geicar_start_jetson' returned '0': AMENT_PREFIX_PATH=/home/Git/geicar/jetsonNano/install/usb_cam:/home/Git/geicar/jetsonNano/install/rplidar_ros:${AMENT_PREFIX_PATH} CMAKE_PREFIX_PATH=/home/Git/geicar/jetsonNano/install/usb_cam:/home/Git/geicar/jetsonNano/install/rplidar_ros:/opt/ros/humble LD_LIBRARY_PATH=/home/Git/geicar/jetsonNano/install/usb_cam/lib:/home/Git/geicar/jetsonNano/install/rplidar_ros/lib:${LD_LIBRARY_PATH} /usr/bin/cmake --build /home/Git/geicar/jetsonNano/build/geicar_start_jetson -- -j12 -l12
[22.668s] DEBUG:colcon.colcon_core.event_handler.log_command:Invoking command in '/home/Git/geicar/jetsonNano/build/geicar_start_jetson': AMENT_PREFIX_PATH=/home/Git/geicar/jetsonNano/install/usb_cam:/home/Git/geicar/jetsonNano/install/rplidar_ros:${AMENT_PREFIX_PATH} CMAKE_PREFIX_PATH=/home/Git/geicar/jetsonNano/install/usb_cam:/home/Git/geicar/jetsonNano/install/rplidar_ros:/opt/ros/humble LD_LIBRARY_PATH=/home/Git/geicar/jetsonNano/install/usb_cam/lib:/home/Git/geicar/jetsonNano/install/rplidar_ros/lib:${LD_LIBRARY_PATH} /usr/bin/cmake --install /home/Git/geicar/jetsonNano/build/geicar_start_jetson
[22.707s] Level 1:colcon.colcon_core.environment:create_environment_scripts_only(geicar_start_jetson)
[22.708s] Level 1:colcon.colcon_core.environment:checking '/home/Git/geicar/jetsonNano/install/geicar_start_jetson' for CMake module files
[22.709s] DEBUG:colcon.colcon_core.event_handler.log_command:Invoked command in '/home/Git/geicar/jetsonNano/build/geicar_start_jetson' returned '0': AMENT_PREFIX_PATH=/home/Git/geicar/jetsonNano/install/usb_cam:/home/Git/geicar/jetsonNano/install/rplidar_ros:${AMENT_PREFIX_PATH} CMAKE_PREFIX_PATH=/home/Git/geicar/jetsonNano/install/usb_cam:/home/Git/geicar/jetsonNano/install/rplidar_ros:/opt/ros/humble LD_LIBRARY_PATH=/home/Git/geicar/jetsonNano/install/usb_cam/lib:/home/Git/geicar/jetsonNano/install/rplidar_ros/lib:${LD_LIBRARY_PATH} /usr/bin/cmake --install /home/Git/geicar/jetsonNano/build/geicar_start_jetson
[22.711s] Level 1:colcon.colcon_core.environment:checking '/home/Git/geicar/jetsonNano/install/geicar_start_jetson' for CMake config files
[22.711s] Level 1:colcon.colcon_core.shell:create_environment_hook('geicar_start_jetson', 'cmake_prefix_path')
[22.711s] INFO:colcon.colcon_core.shell:Creating environment hook '/home/Git/geicar/jetsonNano/install/geicar_start_jetson/share/geicar_start_jetson/hook/cmake_prefix_path.ps1'
[22.723s] INFO:colcon.colcon_core.shell:Creating environment descriptor '/home/Git/geicar/jetsonNano/install/geicar_start_jetson/share/geicar_start_jetson/hook/cmake_prefix_path.dsv'
[22.724s] INFO:colcon.colcon_core.shell:Creating environment hook '/home/Git/geicar/jetsonNano/install/geicar_start_jetson/share/geicar_start_jetson/hook/cmake_prefix_path.sh'
[22.725s] Level 1:colcon.colcon_core.environment:checking '/home/Git/geicar/jetsonNano/install/geicar_start_jetson/bin'
[22.725s] Level 1:colcon.colcon_core.environment:checking '/home/Git/geicar/jetsonNano/install/geicar_start_jetson/lib/pkgconfig/geicar_start_jetson.pc'
[22.726s] Level 1:colcon.colcon_core.environment:checking '/home/Git/geicar/jetsonNano/install/geicar_start_jetson/lib/python3.10/site-packages'
[22.726s] Level 1:colcon.colcon_core.environment:checking '/home/Git/geicar/jetsonNano/install/geicar_start_jetson/bin'
[22.727s] INFO:colcon.colcon_core.shell:Creating package script '/home/Git/geicar/jetsonNano/install/geicar_start_jetson/share/geicar_start_jetson/package.ps1'
[22.727s] INFO:colcon.colcon_core.shell:Creating package descriptor '/home/Git/geicar/jetsonNano/install/geicar_start_jetson/share/geicar_start_jetson/package.dsv'
[22.728s] INFO:colcon.colcon_core.shell:Creating package script '/home/Git/geicar/jetsonNano/install/geicar_start_jetson/share/geicar_start_jetson/package.sh'
[22.728s] INFO:colcon.colcon_core.shell:Creating package script '/home/Git/geicar/jetsonNano/install/geicar_start_jetson/share/geicar_start_jetson/package.bash'
[22.728s] INFO:colcon.colcon_core.shell:Creating package script '/home/Git/geicar/jetsonNano/install/geicar_start_jetson/share/geicar_start_jetson/package.zsh'
[22.729s] Level 1:colcon.colcon_core.environment:create_file_with_runtime_dependencies(/home/Git/geicar/jetsonNano/install/geicar_start_jetson/share/colcon-core/packages/geicar_start_jetson)
[22.763s] Level 1:colcon.colcon_core.environment:create_environment_scripts_only(geicar_start_jetson)
[22.764s] Level 1:colcon.colcon_core.environment:checking '/home/Git/geicar/jetsonNano/install/geicar_start_jetson' for CMake module files
[22.765s] Level 1:colcon.colcon_core.environment:checking '/home/Git/geicar/jetsonNano/install/geicar_start_jetson' for CMake config files
[22.765s] Level 1:colcon.colcon_core.shell:create_environment_hook('geicar_start_jetson', 'cmake_prefix_path')
[22.765s] INFO:colcon.colcon_core.shell:Creating environment hook '/home/Git/geicar/jetsonNano/install/geicar_start_jetson/share/geicar_start_jetson/hook/cmake_prefix_path.ps1'
[22.766s] INFO:colcon.colcon_core.shell:Creating environment descriptor '/home/Git/geicar/jetsonNano/install/geicar_start_jetson/share/geicar_start_jetson/hook/cmake_prefix_path.dsv'
[22.766s] INFO:colcon.colcon_core.shell:Creating environment hook '/home/Git/geicar/jetsonNano/install/geicar_start_jetson/share/geicar_start_jetson/hook/cmake_prefix_path.sh'
[22.767s] Level 1:colcon.colcon_core.environment:checking '/home/Git/geicar/jetsonNano/install/geicar_start_jetson/bin'
[22.767s] Level 1:colcon.colcon_core.environment:checking '/home/Git/geicar/jetsonNano/install/geicar_start_jetson/lib/pkgconfig/geicar_start_jetson.pc'
[22.767s] Level 1:colcon.colcon_core.environment:checking '/home/Git/geicar/jetsonNano/install/geicar_start_jetson/lib/python3.10/site-packages'
[22.768s] Level 1:colcon.colcon_core.environment:checking '/home/Git/geicar/jetsonNano/install/geicar_start_jetson/bin'
[22.768s] INFO:colcon.colcon_core.shell:Creating package script '/home/Git/geicar/jetsonNano/install/geicar_start_jetson/share/geicar_start_jetson/package.ps1'
[22.769s] INFO:colcon.colcon_core.shell:Creating package descriptor '/home/Git/geicar/jetsonNano/install/geicar_start_jetson/share/geicar_start_jetson/package.dsv'
[22.769s] INFO:colcon.colcon_core.shell:Creating package script '/home/Git/geicar/jetsonNano/install/geicar_start_jetson/share/geicar_start_jetson/package.sh'
[22.770s] INFO:colcon.colcon_core.shell:Creating package script '/home/Git/geicar/jetsonNano/install/geicar_start_jetson/share/geicar_start_jetson/package.bash'
[22.770s] INFO:colcon.colcon_core.shell:Creating package script '/home/Git/geicar/jetsonNano/install/geicar_start_jetson/share/geicar_start_jetson/package.zsh'
[22.772s] Level 1:colcon.colcon_core.environment:create_file_with_runtime_dependencies(/home/Git/geicar/jetsonNano/install/geicar_start_jetson/share/colcon-core/packages/geicar_start_jetson)
[31.545s] DEBUG:colcon.colcon_core.event_handler.log_command:Invoked command in '/home/Git/geicar/jetsonNano/build/system_check_ack' returned '0': AMENT_PREFIX_PATH=/home/Git/geicar/jetsonNano/install/interfaces:${AMENT_PREFIX_PATH} CMAKE_PREFIX_PATH=/home/Git/geicar/jetsonNano/install/interfaces:/opt/ros/humble LD_LIBRARY_PATH=/home/Git/geicar/jetsonNano/install/interfaces/lib:${LD_LIBRARY_PATH} PYTHONPATH=/home/Git/geicar/jetsonNano/install/interfaces/local/lib/python3.10/dist-packages:${PYTHONPATH} /usr/bin/cmake --build /home/Git/geicar/jetsonNano/build/system_check_ack -- -j12 -l12
[31.567s] DEBUG:colcon.colcon_core.event_handler.log_command:Invoking command in '/home/Git/geicar/jetsonNano/build/system_check_ack': AMENT_PREFIX_PATH=/home/Git/geicar/jetsonNano/install/interfaces:${AMENT_PREFIX_PATH} CMAKE_PREFIX_PATH=/home/Git/geicar/jetsonNano/install/interfaces:/opt/ros/humble LD_LIBRARY_PATH=/home/Git/geicar/jetsonNano/install/interfaces/lib:${LD_LIBRARY_PATH} PYTHONPATH=/home/Git/geicar/jetsonNano/install/interfaces/local/lib/python3.10/dist-packages:${PYTHONPATH} /usr/bin/cmake --install /home/Git/geicar/jetsonNano/build/system_check_ack
[31.596s] Level 1:colcon.colcon_core.environment:create_environment_scripts_only(system_check_ack)
[31.596s] Level 1:colcon.colcon_core.environment:checking '/home/Git/geicar/jetsonNano/install/system_check_ack' for CMake module files
[31.597s] DEBUG:colcon.colcon_core.event_handler.log_command:Invoked command in '/home/Git/geicar/jetsonNano/build/system_check_ack' returned '0': AMENT_PREFIX_PATH=/home/Git/geicar/jetsonNano/install/interfaces:${AMENT_PREFIX_PATH} CMAKE_PREFIX_PATH=/home/Git/geicar/jetsonNano/install/interfaces:/opt/ros/humble LD_LIBRARY_PATH=/home/Git/geicar/jetsonNano/install/interfaces/lib:${LD_LIBRARY_PATH} PYTHONPATH=/home/Git/geicar/jetsonNano/install/interfaces/local/lib/python3.10/dist-packages:${PYTHONPATH} /usr/bin/cmake --install /home/Git/geicar/jetsonNano/build/system_check_ack
[31.598s] Level 1:colcon.colcon_core.environment:checking '/home/Git/geicar/jetsonNano/install/system_check_ack' for CMake config files
[31.598s] Level 1:colcon.colcon_core.shell:create_environment_hook('system_check_ack', 'cmake_prefix_path')
[31.598s] INFO:colcon.colcon_core.shell:Creating environment hook '/home/Git/geicar/jetsonNano/install/system_check_ack/share/system_check_ack/hook/cmake_prefix_path.ps1'
[31.599s] INFO:colcon.colcon_core.shell:Creating environment descriptor '/home/Git/geicar/jetsonNano/install/system_check_ack/share/system_check_ack/hook/cmake_prefix_path.dsv'
[31.600s] INFO:colcon.colcon_core.shell:Creating environment hook '/home/Git/geicar/jetsonNano/install/system_check_ack/share/system_check_ack/hook/cmake_prefix_path.sh'
[31.600s] Level 1:colcon.colcon_core.environment:checking '/home/Git/geicar/jetsonNano/install/system_check_ack/lib'
[31.600s] Level 1:colcon.colcon_core.environment:checking '/home/Git/geicar/jetsonNano/install/system_check_ack/bin'
[31.600s] Level 1:colcon.colcon_core.environment:checking '/home/Git/geicar/jetsonNano/install/system_check_ack/lib/pkgconfig/system_check_ack.pc'
[31.601s] Level 1:colcon.colcon_core.environment:checking '/home/Git/geicar/jetsonNano/install/system_check_ack/lib/python3.10/site-packages'
[31.601s] Level 1:colcon.colcon_core.environment:checking '/home/Git/geicar/jetsonNano/install/system_check_ack/bin'
[31.601s] INFO:colcon.colcon_core.shell:Creating package script '/home/Git/geicar/jetsonNano/install/system_check_ack/share/system_check_ack/package.ps1'
[31.602s] INFO:colcon.colcon_core.shell:Creating package descriptor '/home/Git/geicar/jetsonNano/install/system_check_ack/share/system_check_ack/package.dsv'
[31.603s] INFO:colcon.colcon_core.shell:Creating package script '/home/Git/geicar/jetsonNano/install/system_check_ack/share/system_check_ack/package.sh'
[31.603s] INFO:colcon.colcon_core.shell:Creating package script '/home/Git/geicar/jetsonNano/install/system_check_ack/share/system_check_ack/package.bash'
[31.603s] INFO:colcon.colcon_core.shell:Creating package script '/home/Git/geicar/jetsonNano/install/system_check_ack/share/system_check_ack/package.zsh'
[31.604s] Level 1:colcon.colcon_core.environment:create_file_with_runtime_dependencies(/home/Git/geicar/jetsonNano/install/system_check_ack/share/colcon-core/packages/system_check_ack)
[31.631s] Level 1:colcon.colcon_core.environment:create_environment_scripts_only(system_check_ack)
[31.632s] Level 1:colcon.colcon_core.environment:checking '/home/Git/geicar/jetsonNano/install/system_check_ack' for CMake module files
[31.632s] Level 1:colcon.colcon_core.environment:checking '/home/Git/geicar/jetsonNano/install/system_check_ack' for CMake config files
[31.633s] Level 1:colcon.colcon_core.shell:create_environment_hook('system_check_ack', 'cmake_prefix_path')
[31.633s] INFO:colcon.colcon_core.shell:Creating environment hook '/home/Git/geicar/jetsonNano/install/system_check_ack/share/system_check_ack/hook/cmake_prefix_path.ps1'
[31.633s] INFO:colcon.colcon_core.shell:Creating environment descriptor '/home/Git/geicar/jetsonNano/install/system_check_ack/share/system_check_ack/hook/cmake_prefix_path.dsv'
[31.634s] INFO:colcon.colcon_core.shell:Creating environment hook '/home/Git/geicar/jetsonNano/install/system_check_ack/share/system_check_ack/hook/cmake_prefix_path.sh'
[31.635s] Level 1:colcon.colcon_core.environment:checking '/home/Git/geicar/jetsonNano/install/system_check_ack/lib'
[31.635s] Level 1:colcon.colcon_core.environment:checking '/home/Git/geicar/jetsonNano/install/system_check_ack/bin'
[31.635s] Level 1:colcon.colcon_core.environment:checking '/home/Git/geicar/jetsonNano/install/system_check_ack/lib/pkgconfig/system_check_ack.pc'
[31.635s] Level 1:colcon.colcon_core.environment:checking '/home/Git/geicar/jetsonNano/install/system_check_ack/lib/python3.10/site-packages'
[31.635s] Level 1:colcon.colcon_core.environment:checking '/home/Git/geicar/jetsonNano/install/system_check_ack/bin'
[31.636s] INFO:colcon.colcon_core.shell:Creating package script '/home/Git/geicar/jetsonNano/install/system_check_ack/share/system_check_ack/package.ps1'
[31.636s] INFO:colcon.colcon_core.shell:Creating package descriptor '/home/Git/geicar/jetsonNano/install/system_check_ack/share/system_check_ack/package.dsv'
[31.637s] INFO:colcon.colcon_core.shell:Creating package script '/home/Git/geicar/jetsonNano/install/system_check_ack/share/system_check_ack/package.sh'
[31.637s] INFO:colcon.colcon_core.shell:Creating package script '/home/Git/geicar/jetsonNano/install/system_check_ack/share/system_check_ack/package.bash'
[31.637s] INFO:colcon.colcon_core.shell:Creating package script '/home/Git/geicar/jetsonNano/install/system_check_ack/share/system_check_ack/package.zsh'
[31.638s] Level 1:colcon.colcon_core.environment:create_file_with_runtime_dependencies(/home/Git/geicar/jetsonNano/install/system_check_ack/share/colcon-core/packages/system_check_ack)
[31.638s] DEBUG:colcon.colcon_parallel_executor.executor.parallel:closing loop
[31.639s] DEBUG:colcon.colcon_parallel_executor.executor.parallel:loop closed
[31.639s] DEBUG:colcon.colcon_parallel_executor.executor.parallel:run_until_complete finished with '0'
[31.639s] DEBUG:colcon.colcon_core.event_reactor:joining thread
[31.646s] INFO:colcon.colcon_core.plugin_system:Skipping extension 'colcon_notification.desktop_notification.notify_send': Could not find 'notify-send'
[31.646s] INFO:colcon.colcon_core.plugin_system:Skipping extension 'colcon_notification.desktop_notification.terminal_notifier': Not used on non-Darwin systems
[31.646s] INFO:colcon.colcon_core.plugin_system:Skipping extension 'colcon_notification.desktop_notification.win32': Not used on non-Windows systems
[31.646s] INFO:colcon.colcon_notification.desktop_notification:Sending desktop notification using 'notify2'
[31.648s] DEBUG:colcon.colcon_notification.desktop_notification.notify2:Failed to initialize notify2: org.freedesktop.DBus.Error.Spawn.ExecFailed: /usr/bin/dbus-launch terminated abnormally without any error message
[31.649s] DEBUG:colcon.colcon_core.event_reactor:joined thread
[31.649s] INFO:colcon.colcon_core.shell:Creating prefix script '/home/Git/geicar/jetsonNano/install/local_setup.ps1'
[31.651s] INFO:colcon.colcon_core.shell:Creating prefix util module '/home/Git/geicar/jetsonNano/install/_local_setup_util_ps1.py'
[31.653s] INFO:colcon.colcon_core.shell:Creating prefix chain script '/home/Git/geicar/jetsonNano/install/setup.ps1'
[31.654s] INFO:colcon.colcon_core.shell:Creating prefix script '/home/Git/geicar/jetsonNano/install/local_setup.sh'
[31.655s] INFO:colcon.colcon_core.shell:Creating prefix util module '/home/Git/geicar/jetsonNano/install/_local_setup_util_sh.py'
[31.655s] INFO:colcon.colcon_core.shell:Creating prefix chain script '/home/Git/geicar/jetsonNano/install/setup.sh'
[31.657s] INFO:colcon.colcon_core.shell:Creating prefix script '/home/Git/geicar/jetsonNano/install/local_setup.bash'
[31.658s] INFO:colcon.colcon_core.shell:Creating prefix chain script '/home/Git/geicar/jetsonNano/install/setup.bash'
[31.660s] INFO:colcon.colcon_core.shell:Creating prefix script '/home/Git/geicar/jetsonNano/install/local_setup.zsh'
[31.661s] INFO:colcon.colcon_core.shell:Creating prefix chain script '/home/Git/geicar/jetsonNano/install/setup.zsh'
