[0.033s] Invoking command in '/home/Git/geicar/jetsonNano/build/system_check_ack': AMENT_PREFIX_PATH=/home/Git/geicar/jetsonNano/install/interfaces:${AMENT_PREFIX_PATH} CMAKE_PREFIX_PATH=/home/Git/geicar/jetsonNano/install/interfaces:/opt/ros/humble LD_LIBRARY_PATH=/home/Git/geicar/jetsonNano/install/interfaces/lib:${LD_LIBRARY_PATH} PYTHONPATH=/home/Git/geicar/jetsonNano/install/interfaces/local/lib/python3.10/dist-packages:${PYTHONPATH} /usr/bin/cmake /home/Git/geicar/jetsonNano/ros2_ws/src/system_check_ack -DCMAKE_INSTALL_PREFIX=/home/Git/geicar/jetsonNano/install/system_check_ack
[0.131s] -- The C compiler identification is GNU 11.4.0
[0.257s] -- The CXX compiler identification is GNU 11.4.0
[0.277s] -- Detecting C compiler ABI info
[0.435s] -- Detecting C compiler ABI info - done
[0.443s] -- Check for working C compiler: /usr/bin/cc - skipped
[0.444s] -- Detecting C compile features
[0.445s] -- Detecting C compile features - done
[0.447s] -- Detecting CXX compiler ABI info
[0.593s] -- Detecting CXX compiler ABI info - done
[0.612s] -- Check for working CXX compiler: /usr/bin/c++ - skipped
[0.613s] -- Detecting CXX compile features
[0.614s] -- Detecting CXX compile features - done
[0.616s] -- Found ament_cmake: 1.3.10 (/opt/ros/humble/share/ament_cmake/cmake)
[0.872s] -- Found Python3: /usr/bin/python3 (found version "3.10.12") found components: Interpreter 
[1.003s] -- Found rclcpp: 16.0.10 (/opt/ros/humble/share/rclcpp/cmake)
[1.069s] -- Found rosidl_generator_c: 3.1.5 (/opt/ros/humble/share/rosidl_generator_c/cmake)
[1.077s] -- Found rosidl_adapter: 3.1.5 (/opt/ros/humble/share/rosidl_adapter/cmake)
[1.088s] -- Found rosidl_generator_cpp: 3.1.5 (/opt/ros/humble/share/rosidl_generator_cpp/cmake)
[1.103s] -- Using all available rosidl_typesupport_c: rosidl_typesupport_fastrtps_c;rosidl_typesupport_introspection_c
[1.134s] -- Using all available rosidl_typesupport_cpp: rosidl_typesupport_fastrtps_cpp;rosidl_typesupport_introspection_cpp
[1.194s] -- Found rmw_implementation_cmake: 6.1.2 (/opt/ros/humble/share/rmw_implementation_cmake/cmake)
[1.198s] -- Found rmw_fastrtps_cpp: 6.2.7 (/opt/ros/humble/share/rmw_fastrtps_cpp/cmake)
[1.330s] -- Found OpenSSL: /usr/lib/x86_64-linux-gnu/libcrypto.so (found version "3.0.2")  
[1.365s] -- Found FastRTPS: /opt/ros/humble/include  
[1.432s] -- Using RMW implementation 'rmw_fastrtps_cpp' as default
[1.445s] -- Looking for pthread.h
[1.548s] -- Looking for pthread.h - found
[1.548s] -- Performing Test CMAKE_HAVE_LIBC_PTHREAD
[1.653s] -- Performing Test CMAKE_HAVE_LIBC_PTHREAD - Success
[1.655s] -- Found Threads: TRUE  
[1.742s] -- Found sensor_msgs: 4.2.4 (/opt/ros/humble/share/sensor_msgs/cmake)
[1.789s] -- Found interfaces: 0.0.0 (/home/Git/geicar/jetsonNano/install/interfaces/share/interfaces/cmake)
[1.807s] -- Found ament_lint_auto: 0.12.11 (/opt/ros/humble/share/ament_lint_auto/cmake)
[1.962s] -- Added test 'cppcheck' to perform static code analysis on C / C++ code
[1.963s] -- Configured cppcheck include dirs: $<BUILD_INTERFACE:/home/Git/geicar/jetsonNano/ros2_ws/src/system_check_ack/include>
[1.963s] -- Configured cppcheck exclude dirs and/or files: 
[1.963s] -- Added test 'lint_cmake' to check CMake code style
[1.965s] -- Added test 'uncrustify' to check C / C++ code style
[1.965s] -- Configured uncrustify additional arguments: 
[1.966s] -- Added test 'xmllint' to check XML markup files
[1.969s] -- Configuring done
[1.991s] -- Generating done
[1.993s] -- Build files have been written to: /home/Git/geicar/jetsonNano/build/system_check_ack
[2.020s] Invoked command in '/home/Git/geicar/jetsonNano/build/system_check_ack' returned '0': AMENT_PREFIX_PATH=/home/Git/geicar/jetsonNano/install/interfaces:${AMENT_PREFIX_PATH} CMAKE_PREFIX_PATH=/home/Git/geicar/jetsonNano/install/interfaces:/opt/ros/humble LD_LIBRARY_PATH=/home/Git/geicar/jetsonNano/install/interfaces/lib:${LD_LIBRARY_PATH} PYTHONPATH=/home/Git/geicar/jetsonNano/install/interfaces/local/lib/python3.10/dist-packages:${PYTHONPATH} /usr/bin/cmake /home/Git/geicar/jetsonNano/ros2_ws/src/system_check_ack -DCMAKE_INSTALL_PREFIX=/home/Git/geicar/jetsonNano/install/system_check_ack
[2.028s] Invoking command in '/home/Git/geicar/jetsonNano/build/system_check_ack': AMENT_PREFIX_PATH=/home/Git/geicar/jetsonNano/install/interfaces:${AMENT_PREFIX_PATH} CMAKE_PREFIX_PATH=/home/Git/geicar/jetsonNano/install/interfaces:/opt/ros/humble LD_LIBRARY_PATH=/home/Git/geicar/jetsonNano/install/interfaces/lib:${LD_LIBRARY_PATH} PYTHONPATH=/home/Git/geicar/jetsonNano/install/interfaces/local/lib/python3.10/dist-packages:${PYTHONPATH} /usr/bin/cmake --build /home/Git/geicar/jetsonNano/build/system_check_ack -- -j12 -l12
[2.084s] [ 50%] [32mBuilding CXX object CMakeFiles/system_check_ack_node.dir/src/system_check_ack_node.cpp.o[0m
[11.770s] [100%] [32m[1mLinking CXX executable system_check_ack_node[0m
[12.146s] [100%] Built target system_check_ack_node
[12.164s] Invoked command in '/home/Git/geicar/jetsonNano/build/system_check_ack' returned '0': AMENT_PREFIX_PATH=/home/Git/geicar/jetsonNano/install/interfaces:${AMENT_PREFIX_PATH} CMAKE_PREFIX_PATH=/home/Git/geicar/jetsonNano/install/interfaces:/opt/ros/humble LD_LIBRARY_PATH=/home/Git/geicar/jetsonNano/install/interfaces/lib:${LD_LIBRARY_PATH} PYTHONPATH=/home/Git/geicar/jetsonNano/install/interfaces/local/lib/python3.10/dist-packages:${PYTHONPATH} /usr/bin/cmake --build /home/Git/geicar/jetsonNano/build/system_check_ack -- -j12 -l12
[12.186s] Invoking command in '/home/Git/geicar/jetsonNano/build/system_check_ack': AMENT_PREFIX_PATH=/home/Git/geicar/jetsonNano/install/interfaces:${AMENT_PREFIX_PATH} CMAKE_PREFIX_PATH=/home/Git/geicar/jetsonNano/install/interfaces:/opt/ros/humble LD_LIBRARY_PATH=/home/Git/geicar/jetsonNano/install/interfaces/lib:${LD_LIBRARY_PATH} PYTHONPATH=/home/Git/geicar/jetsonNano/install/interfaces/local/lib/python3.10/dist-packages:${PYTHONPATH} /usr/bin/cmake --install /home/Git/geicar/jetsonNano/build/system_check_ack
[12.192s] -- Install configuration: ""
[12.202s] -- Installing: /home/Git/geicar/jetsonNano/install/system_check_ack/lib/system_check_ack/system_check_ack_node
[12.205s] -- Set runtime path of "/home/Git/geicar/jetsonNano/install/system_check_ack/lib/system_check_ack/system_check_ack_node" to ""
[12.208s] -- Installing: /home/Git/geicar/jetsonNano/install/system_check_ack/share/ament_index/resource_index/package_run_dependencies/system_check_ack
[12.208s] -- Installing: /home/Git/geicar/jetsonNano/install/system_check_ack/share/ament_index/resource_index/parent_prefix_path/system_check_ack
[12.210s] -- Installing: /home/Git/geicar/jetsonNano/install/system_check_ack/share/system_check_ack/environment/ament_prefix_path.sh
[12.210s] -- Installing: /home/Git/geicar/jetsonNano/install/system_check_ack/share/system_check_ack/environment/ament_prefix_path.dsv
[12.210s] -- Installing: /home/Git/geicar/jetsonNano/install/system_check_ack/share/system_check_ack/environment/path.sh
[12.210s] -- Installing: /home/Git/geicar/jetsonNano/install/system_check_ack/share/system_check_ack/environment/path.dsv
[12.211s] -- Installing: /home/Git/geicar/jetsonNano/install/system_check_ack/share/system_check_ack/local_setup.bash
[12.211s] -- Installing: /home/Git/geicar/jetsonNano/install/system_check_ack/share/system_check_ack/local_setup.sh
[12.211s] -- Installing: /home/Git/geicar/jetsonNano/install/system_check_ack/share/system_check_ack/local_setup.zsh
[12.211s] -- Installing: /home/Git/geicar/jetsonNano/install/system_check_ack/share/system_check_ack/local_setup.dsv
[12.211s] -- Installing: /home/Git/geicar/jetsonNano/install/system_check_ack/share/system_check_ack/package.dsv
[12.212s] -- Installing: /home/Git/geicar/jetsonNano/install/system_check_ack/share/ament_index/resource_index/packages/system_check_ack
[12.212s] -- Installing: /home/Git/geicar/jetsonNano/install/system_check_ack/share/system_check_ack/cmake/system_check_ackConfig.cmake
[12.213s] -- Installing: /home/Git/geicar/jetsonNano/install/system_check_ack/share/system_check_ack/cmake/system_check_ackConfig-version.cmake
[12.213s] -- Installing: /home/Git/geicar/jetsonNano/install/system_check_ack/share/system_check_ack/package.xml
[12.216s] Invoked command in '/home/Git/geicar/jetsonNano/build/system_check_ack' returned '0': AMENT_PREFIX_PATH=/home/Git/geicar/jetsonNano/install/interfaces:${AMENT_PREFIX_PATH} CMAKE_PREFIX_PATH=/home/Git/geicar/jetsonNano/install/interfaces:/opt/ros/humble LD_LIBRARY_PATH=/home/Git/geicar/jetsonNano/install/interfaces/lib:${LD_LIBRARY_PATH} PYTHONPATH=/home/Git/geicar/jetsonNano/install/interfaces/local/lib/python3.10/dist-packages:${PYTHONPATH} /usr/bin/cmake --install /home/Git/geicar/jetsonNano/build/system_check_ack
